#
# A fatal error has been detected by the Java Runtime Environment:
#
#  SIGSEGV (0xb) at pc=0x00007ffcbab8b844, pid=780, tid=140722625632000
#
# JRE version: 7.0_25-b30
# Java VM: OpenJDK 64-Bit Server VM (23.7-b01 mixed mode linux-amd64 compressed oops)
# Problematic frame:
# C  [libgdx64.so+0x23844]  b2BlockAllocator::Allocate(int)+0x54
#
# Failed to write core dump. Core dumps have been disabled. To enable core dumping, try "ulimit -c unlimited" before starting Java again
#
# If you would like to submit a bug report, please include
# instructions on how to reproduce the bug and visit:
#   https://bugs.launchpad.net/ubuntu/+source/openjdk-7/
# The crash happened outside the Java Virtual Machine in native code.
# See problematic frame for where to report the bug.
#

---------------  T H R E A D  ---------------

Current thread (0x00007ffcd43d3000):  JavaThread "LWJGL Application" [_thread_in_native, id=804, stack(0x00007ffc8a0cd000,0x00007ffc8a1ce000)]

siginfo:si_signo=SIGSEGV: si_errno=0, si_code=1 (SEGV_MAPERR), si_addr=0x00007ffe74509320

Registers:
RAX=0x0000000000000008, RBX=0x00007ffc74467b10, RCX=0x00007ffe74509320, RDX=0x00007ffc74467b10
RSP=0x00007ffc8a1cc380, RBP=0x0000000000000006, RSI=0x00000000000000b8, RDI=0x00007ffc74467b10
R8 =0x0000000000000001, R9 =0x0000000000000001, R10=0x0000000000000001, R11=0x00007ffcda8f3a50
R12=0x0000000000000000, R13=0x000000009a9214b0, R14=0x00007ffc8a1cc598, R15=0x00007ffcd43d3000
RIP=0x00007ffcbab8b844, EFLAGS=0x0000000000010202, CSGSFS=0x0000000000000033, ERR=0x0000000000000004
  TRAPNO=0x000000000000000e

Top of Stack: (sp=0x00007ffc8a1cc380)
0x00007ffc8a1cc380:   00007ffc74467b10 00007ffc8a1cc3d0
0x00007ffc8a1cc390:   0000000000000000 00007ffcbaba17b7
0x00007ffc8a1cc3a0:   00007ffcd100548c 00007ffc8a1cc598
0x00007ffc8a1cc3b0:   00007ffc74467b10 000000009a9214b0
0x00007ffc8a1cc3c0:   00007ffc8a1cc4f0 00007ffcbaba9a9f
0x00007ffc8a1cc3d0:   4341dc4e00000002 0000000042371298
0x00007ffc8a1cc3e0:   0000000000000000 0000000000000000
0x00007ffc8a1cc3f0:   0001010100000000 0000000000000001
0x00007ffc8a1cc400:   0000000000000000 000000003f800000
0x00007ffc8a1cc410:   0000000000000000 00007ffcd1011f90
0x00007ffc8a1cc420:   0000000000000001 0000000000000000
0x00007ffc8a1cc430:   0000000000000001 000000003f800000
0x00007ffc8a1cc440:   0000000000000001 0000000000000000
0x00007ffc8a1cc450:   000000009a0bc6b8 000000000000000a
0x00007ffc8a1cc460:   00007ffc8a1cc4a0 00007ffcda855d38
0x00007ffc8a1cc470:   00007ffc8a1cc460 000000009a18697b
0x00007ffc8a1cc480:   00007ffc9c000bb0 0000000000000000
0x00007ffc8a1cc490:   0000000000000001 00007ffcd43d3000
0x00007ffc8a1cc4a0:   00007ffc8a1cc510 00007ffcda6620c9
0x00007ffc8a1cc4b0:   00007ffc8a1cc4b0 000000009a9214b0
0x00007ffc8a1cc4c0:   00007ffc8a1cc598 000000009a935838
0x00007ffc8a1cc4d0:   0000000000000000 000000009a9214b0
0x00007ffc8a1cc4e0:   0000000000000000 00007ffc8a1cc510
0x00007ffc8a1cc4f0:   00007ffc8a1cc5e0 00007ffcd1006275
0x00007ffc8a1cc500:   0000000000000000 00007ffcd100edd7
0x00007ffc8a1cc510:   00007ffc3f800000 0000000000000001
0x00007ffc8a1cc520:   0000000000000000 0000000000000001
0x00007ffc8a1cc530:   0000000000000001 0000000000000001
0x00007ffc8a1cc540:   00007ffc00000000 0000000000000000
0x00007ffc8a1cc550:   0000000000000000 0000000000000000
0x00007ffc8a1cc560:   0000000000000000 00007ffc00000000
0x00007ffc8a1cc570:   00007ffc42371298 00007ffc4341dc4e 

Instructions: (pc=0x00007ffcbab8b844)
0x00007ffcbab8b824:   48 63 f6 0f b6 2c 30 83 fd 0d 0f 87 b0 01 00 00
0x00007ffcbab8b834:   48 63 ed 48 8d 45 02 48 8b 0c c7 48 85 c9 74 44
0x00007ffcbab8b844:   48 8b 11 48 89 14 c7 48 89 c8 48 8b 1c 24 48 8b
0x00007ffcbab8b854:   6c 24 08 4c 8b 64 24 10 48 83 c4 18 c3 0f 1f 80 

Register to memory mapping:

RAX=0x0000000000000008 is an unknown value
RBX=0x00007ffc74467b10 is an unknown value
RCX=0x00007ffe74509320 is an unknown value
RDX=0x00007ffc74467b10 is an unknown value
RSP=0x00007ffc8a1cc380 is pointing into the stack for thread: 0x00007ffcd43d3000
RBP=0x0000000000000006 is an unknown value
RSI=0x00000000000000b8 is an unknown value
RDI=0x00007ffc74467b10 is an unknown value
R8 =0x0000000000000001 is an unknown value
R9 =0x0000000000000001 is an unknown value
R10=0x0000000000000001 is an unknown value
R11=0x00007ffcda8f3a50: <offset 0x77aa50> in /usr/lib/jvm/java-7-openjdk-amd64/jre/lib/amd64/server/libjvm.so at 0x00007ffcda179000
R12=0x0000000000000000 is an unknown value
R13=0x000000009a9214b0 is an oop
{method} 
 - klass: {other class}
R14=0x00007ffc8a1cc598 is pointing into the stack for thread: 0x00007ffcd43d3000
R15=0x00007ffcd43d3000 is a thread


Stack: [0x00007ffc8a0cd000,0x00007ffc8a1ce000],  sp=0x00007ffc8a1cc380,  free space=1020k
Native frames: (J=compiled Java code, j=interpreted, Vv=VM code, C=native code)
C  [libgdx64.so+0x23844]  b2BlockAllocator::Allocate(int)+0x54

Java frames: (J=compiled Java code, j=interpreted, Vv=VM code)
j  com.badlogic.gdx.physics.box2d.World.jniCreateBody(JIFFFFFFFFZZZZZF)J+0
j  com.badlogic.gdx.physics.box2d.World.createBody(Lcom/badlogic/gdx/physics/box2d/BodyDef;)Lcom/badlogic/gdx/physics/box2d/Body;+80
j  com.niltonvasques.fosfrinho.physics.PhysicsManager.CreateBody(Lcom/badlogic/gdx/physics/box2d/World;Lcom/badlogic/gdx/math/Vector2;FLcom/badlogic/gdx/physics/box2d/BodyDef$BodyType;)Lcom/badlogic/gdx/physics/box2d/Body;+50
j  com.niltonvasques.fosfrinho.physics.PhysicsManager.registerDynamicBody(Lcom/niltonvasques/fosfrinho/gameobject/GameObject;)Lcom/badlogic/gdx/physics/box2d/Body;+30
j  com.niltonvasques.fosfrinho.components.bob.gun.ShootPhysicsCom.<init>(Lcom/niltonvasques/fosfrinho/gameobject/GameObject;)V+22
j  com.niltonvasques.fosfrinho.gameobject.GameObjectFactory.createShootGameObject(FF)Lcom/niltonvasques/fosfrinho/gameobject/GameObject;+23
j  com.niltonvasques.fosfrinho.level.Level.resolvePendingAction(Lcom/niltonvasques/fosfrinho/gameobject/Action;)V+93
J  com.niltonvasques.fosfrinho.gameobject.GameObjectContainer.update(F)V
j  com.niltonvasques.fosfrinho.screens.GameScreen.render(F)V+52
j  com.badlogic.gdx.Game.render()V+19
j  com.niltonvasques.fosfrinho.FosfrinhoGame.render()V+1
j  com.badlogic.gdx.backends.lwjgl.LwjglApplication.mainLoop()V+642
j  com.badlogic.gdx.backends.lwjgl.LwjglApplication$1.run()V+27
v  ~StubRoutines::call_stub

---------------  P R O C E S S  ---------------

Java Threads: ( => current thread )
  0x00007ffc743ff000 JavaThread "AsynchExecutor-Thread" daemon [_thread_blocked, id=810, stack(0x00007ffc8816a000,0x00007ffc8826b000)]
  0x00007ffc7400c800 JavaThread "process reaper" daemon [_thread_blocked, id=806, stack(0x00007ffcc0059000,0x00007ffcc0081000)]
  0x00007ffcd4009800 JavaThread "DestroyJavaVM" [_thread_blocked, id=786, stack(0x00007ffcdbb39000,0x00007ffcdbc3a000)]
=>0x00007ffcd43d3000 JavaThread "LWJGL Application" [_thread_in_native, id=804, stack(0x00007ffc8a0cd000,0x00007ffc8a1ce000)]
  0x00007ffcd4327800 JavaThread "AWT-XAWT" daemon [_thread_in_native, id=800, stack(0x00007ffc90c65000,0x00007ffc90d66000)]
  0x00007ffcd42f4000 JavaThread "Java2D Disposer" daemon [_thread_blocked, id=799, stack(0x00007ffc90d66000,0x00007ffc90e67000)]
  0x00007ffcd4114000 JavaThread "Service Thread" daemon [_thread_blocked, id=797, stack(0x00007ffcbaed9000,0x00007ffcbafda000)]
  0x00007ffcd4111800 JavaThread "C2 CompilerThread1" daemon [_thread_blocked, id=796, stack(0x00007ffcbafda000,0x00007ffcbb0db000)]
  0x00007ffcd410e800 JavaThread "C2 CompilerThread0" daemon [_thread_blocked, id=795, stack(0x00007ffcbb0db000,0x00007ffcbb1dc000)]
  0x00007ffcd410c800 JavaThread "Signal Dispatcher" daemon [_thread_blocked, id=794, stack(0x00007ffcbb1dc000,0x00007ffcbb2dd000)]
  0x00007ffcd40b2800 JavaThread "Finalizer" daemon [_thread_blocked, id=793, stack(0x00007ffcbb9fa000,0x00007ffcbbafb000)]
  0x00007ffcd40b0000 JavaThread "Reference Handler" daemon [_thread_blocked, id=792, stack(0x00007ffcbbafb000,0x00007ffcbbbfc000)]

Other Threads:
  0x00007ffcd40a7800 VMThread [stack: 0x00007ffcbbbfc000,0x00007ffcbbcfd000] [id=791]
  0x00007ffcd411e800 WatcherThread [stack: 0x00007ffcbadd8000,0x00007ffcbaed9000] [id=798]

VM state:not at safepoint (normal execution)

VM Mutex/Monitor currently owned by a thread: None

Heap
 PSYoungGen      total 27328K, used 9424K [0x00000000e1760000, 0x00000000e35e0000, 0x0000000100000000)
  eden space 23424K, 23% used [0x00000000e1760000,0x00000000e1cc8098,0x00000000e2e40000)
  from space 3904K, 99% used [0x00000000e2e40000,0x00000000e320c1d0,0x00000000e3210000)
  to   space 3904K, 0% used [0x00000000e3210000,0x00000000e3210000,0x00000000e35e0000)
 ParOldGen       total 62592K, used 738K [0x00000000a4600000, 0x00000000a8320000, 0x00000000e1760000)
  object space 62592K, 1% used [0x00000000a4600000,0x00000000a46b8930,0x00000000a8320000)
 PSPermGen       total 21248K, used 10329K [0x000000009a000000, 0x000000009b4c0000, 0x00000000a4600000)
  object space 21248K, 48% used [0x000000009a000000,0x000000009aa16558,0x000000009b4c0000)

Card table byte_map: [0x00007ffcd859f000,0x00007ffcd88d0000] byte_map_base: 0x00007ffcd80cf000

Polling page: 0x00007ffcdbc63000

Code Cache  [0x00007ffcd1000000, 0x00007ffcd1270000, 0x00007ffcd4000000)
 total_blobs=722 nmethods=203 adapters=471 free_code_cache=48191Kb largest_free_block=49313152

Compilation events (10 events):
Event: 13,077 Thread 0x00007ffcd4111800 nmethod 196 0x00007ffcd10ef650 code [0x00007ffcd10ef780, 0x00007ffcd10ef7f8]
Event: 13,077 Thread 0x00007ffcd410e800 nmethod 195 0x00007ffcd10ef350 code [0x00007ffcd10ef4a0, 0x00007ffcd10ef538]
Event: 13,177 Thread 0x00007ffcd410e800  197             java.nio.Buffer::flip (20 bytes)
Event: 13,177 Thread 0x00007ffcd410e800 nmethod 197 0x00007ffcd10ef150 code [0x00007ffcd10ef280, 0x00007ffcd10ef2d8]
Event: 13,512 Thread 0x00007ffcd4111800  198             java.nio.HeapByteBuffer::ix (7 bytes)
Event: 13,513 Thread 0x00007ffcd4111800 nmethod 198 0x00007ffcd10f5950 code [0x00007ffcd10f5a80, 0x00007ffcd10f5ad8]
Event: 13,613 Thread 0x00007ffcd410e800  199             com.badlogic.gdx.backends.lwjgl.LwjglGraphics::isGL20Available (13 bytes)
Event: 13,614 Thread 0x00007ffcd410e800 nmethod 199 0x00007ffcd10f3f90 code [0x00007ffcd10f40c0, 0x00007ffcd10f4138]
Event: 13,713 Thread 0x00007ffcd4111800  200             com.niltonvasques.fosfrinho.components.ContainerCom::<init> (35 bytes)
Event: 13,715 Thread 0x00007ffcd4111800 nmethod 200 0x00007ffcd10f3c90 code [0x00007ffcd10f3de0, 0x00007ffcd10f3ed8]

GC Heap History (2 events):
Event: 0,905 GC heap before
{Heap before GC invocations=1 (full 0):
 PSYoungGen      total 27328K, used 23424K [0x00000000e1760000, 0x00000000e35e0000, 0x0000000100000000)
  eden space 23424K, 100% used [0x00000000e1760000,0x00000000e2e40000,0x00000000e2e40000)
  from space 3904K, 0% used [0x00000000e3210000,0x00000000e3210000,0x00000000e35e0000)
  to   space 3904K, 0% used [0x00000000e2e40000,0x00000000e2e40000,0x00000000e3210000)
 ParOldGen       total 62592K, used 0K [0x00000000a4600000, 0x00000000a8320000, 0x00000000e1760000)
  object space 62592K, 0% used [0x00000000a4600000,0x00000000a4600000,0x00000000a8320000)
 PSPermGen       total 21248K, used 9663K [0x000000009a000000, 0x000000009b4c0000, 0x00000000a4600000)
  object space 21248K, 45% used [0x000000009a000000,0x000000009a96fe38,0x000000009b4c0000)
Event: 0,914 GC heap after
Heap after GC invocations=1 (full 0):
 PSYoungGen      total 27328K, used 3888K [0x00000000e1760000, 0x00000000e35e0000, 0x0000000100000000)
  eden space 23424K, 0% used [0x00000000e1760000,0x00000000e1760000,0x00000000e2e40000)
  from space 3904K, 99% used [0x00000000e2e40000,0x00000000e320c1d0,0x00000000e3210000)
  to   space 3904K, 0% used [0x00000000e3210000,0x00000000e3210000,0x00000000e35e0000)
 ParOldGen       total 62592K, used 738K [0x00000000a4600000, 0x00000000a8320000, 0x00000000e1760000)
  object space 62592K, 1% used [0x00000000a4600000,0x00000000a46b8930,0x00000000a8320000)
 PSPermGen       total 21248K, used 9663K [0x000000009a000000, 0x000000009b4c0000, 0x00000000a4600000)
  object space 21248K, 45% used [0x000000009a000000,0x000000009a96fe38,0x000000009b4c0000)
}

Deoptimization events (2 events):
Event: 2,808 Thread 0x00007ffcd43d3000 Uncommon trap -20 fr.pc 0x00007ffcd10c52c4
Event: 7,252 Thread 0x00007ffcd43d3000 Uncommon trap -20 fr.pc 0x00007ffcd10c8398

Internal exceptions (10 events):
Event: 2,792 Thread 0x00007ffcd43d3000 Threw 0x00000000e1abe590 at /build/buildd/openjdk-7-7u25-2.3.10/build/openjdk/hotspot/src/share/vm/prims/jvm.cpp:1235
Event: 2,793 Thread 0x00007ffcd43d3000 Threw 0x00000000e1ac2a08 at /build/buildd/openjdk-7-7u25-2.3.10/build/openjdk/hotspot/src/share/vm/prims/jvm.cpp:1235
Event: 2,809 Thread 0x00007ffcd43d3000 Threw 0x00000000e1ac8bc0 at /build/buildd/openjdk-7-7u25-2.3.10/build/openjdk/hotspot/src/share/vm/prims/jvm.cpp:1235
Event: 2,810 Thread 0x00007ffcd43d3000 Threw 0x00000000e1acf810 at /build/buildd/openjdk-7-7u25-2.3.10/build/openjdk/hotspot/src/share/vm/prims/jvm.cpp:1235
Event: 2,811 Thread 0x00007ffcd43d3000 Threw 0x00000000e1ad51e0 at /build/buildd/openjdk-7-7u25-2.3.10/build/openjdk/hotspot/src/share/vm/prims/jvm.cpp:1235
Event: 7,237 Thread 0x00007ffcd43d3000 Threw 0x00000000e1b3b8d0 at /build/buildd/openjdk-7-7u25-2.3.10/build/openjdk/hotspot/src/share/vm/prims/jvm.cpp:1235
Event: 7,239 Thread 0x00007ffcd43d3000 Threw 0x00000000e1b4b2d8 at /build/buildd/openjdk-7-7u25-2.3.10/build/openjdk/hotspot/src/share/vm/prims/jvm.cpp:1235
Event: 7,240 Thread 0x00007ffcd43d3000 Threw 0x00000000e1b62040 at /build/buildd/openjdk-7-7u25-2.3.10/build/openjdk/hotspot/src/share/vm/prims/jvm.cpp:1235
Event: 7,253 Thread 0x00007ffcd43d3000 Threw 0x00000000e1bab3d0 at /build/buildd/openjdk-7-7u25-2.3.10/build/openjdk/hotspot/src/share/vm/prims/jvm.cpp:1235
Event: 7,254 Thread 0x00007ffcd43d3000 Threw 0x00000000e1bb2538 at /build/buildd/openjdk-7-7u25-2.3.10/build/openjdk/hotspot/src/share/vm/prims/jvm.cpp:1235

Events (10 events):
Event: 7,238 loading class 0x00007ffc745fab30
Event: 7,238 loading class 0x00007ffc745fab30 done
Event: 7,240 loading class 0x00007ffc745296f0
Event: 7,240 loading class 0x00007ffc745296f0 done
Event: 7,252 Thread 0x00007ffcd43d3000 DEOPT PACKING pc=0x00007ffcd10c8398 sp=0x00007ffc8a1cc860
Event: 7,252 Thread 0x00007ffcd43d3000 DEOPT UNPACKING pc=0x00007ffcd1039145 sp=0x00007ffc8a1cc830 mode 2
Event: 7,252 loading class 0x00007ffc745fab80
Event: 7,252 loading class 0x00007ffc745fab80 done
Event: 7,254 loading class 0x00007ffc7444dc20
Event: 7,254 loading class 0x00007ffc7444dc20 done


Dynamic libraries:
00400000-00401000 r-xp 00000000 08:08 3149767                            /usr/lib/jvm/java-7-openjdk-amd64/jre/bin/java
00600000-00601000 r--p 00000000 08:08 3149767                            /usr/lib/jvm/java-7-openjdk-amd64/jre/bin/java
00601000-00602000 rw-p 00001000 08:08 3149767                            /usr/lib/jvm/java-7-openjdk-amd64/jre/bin/java
00a85000-00aa6000 rw-p 00000000 00:00 0                                  [heap]
9a000000-9b4c0000 rw-p 00000000 00:00 0 
9b4c0000-a4600000 rw-p 00000000 00:00 0 
a4600000-a8320000 rw-p 00000000 00:00 0 
a8320000-e1760000 rw-p 00000000 00:00 0 
e1760000-e35e0000 rw-p 00000000 00:00 0 
e35e0000-100000000 rw-p 00000000 00:00 0 
7ffc68000000-7ffc68021000 rw-p 00000000 00:00 0 
7ffc68021000-7ffc6c000000 ---p 00000000 00:00 0 
7ffc6c000000-7ffc6c4f5000 rw-p 00000000 00:00 0 
7ffc6c4f5000-7ffc70000000 ---p 00000000 00:00 0 
7ffc70000000-7ffc70021000 rw-p 00000000 00:00 0 
7ffc70021000-7ffc74000000 ---p 00000000 00:00 0 
7ffc74000000-7ffc746c1000 rw-p 00000000 00:00 0 
7ffc746c1000-7ffc78000000 ---p 00000000 00:00 0 
7ffc78000000-7ffc78021000 rw-p 00000000 00:00 0 
7ffc78021000-7ffc7c000000 ---p 00000000 00:00 0 
7ffc7ebb9000-7ffc7ef39000 rw-s 101887000 00:05 9627                      /dev/dri/card0
7ffc7f13a000-7ffc7ffff000 rw-p 00000000 00:00 0 
7ffc7ffff000-7ffc84000000 rw-s 00000000 00:13 311794                     /run/shm/pulse-shm-3733894122
7ffc84000000-7ffc84021000 rw-p 00000000 00:00 0 
7ffc84021000-7ffc88000000 ---p 00000000 00:00 0 
7ffc8808a000-7ffc8816a000 rw-s 1017a7000 00:05 9627                      /dev/dri/card0
7ffc8816a000-7ffc8816d000 ---p 00000000 00:00 0 
7ffc8816d000-7ffc884f9000 rw-p 00000000 00:00 0                          [stack:810]
7ffc884f9000-7ffc8852b000 r-xp 00000000 08:08 2629671                    /usr/lib/x86_64-linux-gnu/libtxc_dxtn_s2tc.so.0.0.0
7ffc8852b000-7ffc8872a000 ---p 00032000 08:08 2629671                    /usr/lib/x86_64-linux-gnu/libtxc_dxtn_s2tc.so.0.0.0
7ffc8872a000-7ffc8872b000 r--p 00031000 08:08 2629671                    /usr/lib/x86_64-linux-gnu/libtxc_dxtn_s2tc.so.0.0.0
7ffc8872b000-7ffc8872c000 rw-p 00032000 08:08 2629671                    /usr/lib/x86_64-linux-gnu/libtxc_dxtn_s2tc.so.0.0.0
7ffc8872c000-7ffc88734000 r-xp 00000000 08:08 2629513                    /usr/lib/x86_64-linux-gnu/libpciaccess.so.0.11.1
7ffc88734000-7ffc88933000 ---p 00008000 08:08 2629513                    /usr/lib/x86_64-linux-gnu/libpciaccess.so.0.11.1
7ffc88933000-7ffc88934000 r--p 00007000 08:08 2629513                    /usr/lib/x86_64-linux-gnu/libpciaccess.so.0.11.1
7ffc88934000-7ffc88935000 rw-p 00008000 08:08 2629513                    /usr/lib/x86_64-linux-gnu/libpciaccess.so.0.11.1
7ffc88935000-7ffc88955000 r-xp 00000000 08:08 2623788                    /usr/lib/x86_64-linux-gnu/libdrm_intel.so.1.0.0
7ffc88955000-7ffc88b54000 ---p 00020000 08:08 2623788                    /usr/lib/x86_64-linux-gnu/libdrm_intel.so.1.0.0
7ffc88b54000-7ffc88b55000 r--p 0001f000 08:08 2623788                    /usr/lib/x86_64-linux-gnu/libdrm_intel.so.1.0.0
7ffc88b55000-7ffc88b56000 rw-p 00020000 08:08 2623788                    /usr/lib/x86_64-linux-gnu/libdrm_intel.so.1.0.0
7ffc88b56000-7ffc88f17000 r-xp 00000000 08:08 2658145                    /usr/lib/x86_64-linux-gnu/libdricore9.2.0.so.1.0.0
7ffc88f17000-7ffc89116000 ---p 003c1000 08:08 2658145                    /usr/lib/x86_64-linux-gnu/libdricore9.2.0.so.1.0.0
7ffc89116000-7ffc89128000 r--p 003c0000 08:08 2658145                    /usr/lib/x86_64-linux-gnu/libdricore9.2.0.so.1.0.0
7ffc89128000-7ffc89130000 rw-p 003d2000 08:08 2658145                    /usr/lib/x86_64-linux-gnu/libdricore9.2.0.so.1.0.0
7ffc89130000-7ffc89148000 rw-p 00000000 00:00 0 
7ffc89148000-7ffc89219000 r-xp 00000000 08:08 2889497                    /usr/lib/x86_64-linux-gnu/dri/i965_dri.so
7ffc89219000-7ffc89418000 ---p 000d1000 08:08 2889497                    /usr/lib/x86_64-linux-gnu/dri/i965_dri.so
7ffc89418000-7ffc8941c000 r--p 000d0000 08:08 2889497                    /usr/lib/x86_64-linux-gnu/dri/i965_dri.so
7ffc8941c000-7ffc8941e000 rw-p 000d4000 08:08 2889497                    /usr/lib/x86_64-linux-gnu/dri/i965_dri.so
7ffc8941e000-7ffc8941f000 rw-p 00000000 00:00 0 
7ffc8941f000-7ffc89429000 r-xp 00000000 08:08 2625072                    /usr/lib/x86_64-linux-gnu/libdrm.so.2.4.0
7ffc89429000-7ffc89629000 ---p 0000a000 08:08 2625072                    /usr/lib/x86_64-linux-gnu/libdrm.so.2.4.0
7ffc89629000-7ffc8962a000 r--p 0000a000 08:08 2625072                    /usr/lib/x86_64-linux-gnu/libdrm.so.2.4.0
7ffc8962a000-7ffc8962b000 rw-p 0000b000 08:08 2625072                    /usr/lib/x86_64-linux-gnu/libdrm.so.2.4.0
7ffc8962b000-7ffc8962e000 r-xp 00000000 08:08 2629013                    /usr/lib/x86_64-linux-gnu/libxcb-dri2.so.0.0.0
7ffc8962e000-7ffc8982e000 ---p 00003000 08:08 2629013                    /usr/lib/x86_64-linux-gnu/libxcb-dri2.so.0.0.0
7ffc8982e000-7ffc8982f000 r--p 00003000 08:08 2629013                    /usr/lib/x86_64-linux-gnu/libxcb-dri2.so.0.0.0
7ffc8982f000-7ffc89830000 rw-p 00004000 08:08 2629013                    /usr/lib/x86_64-linux-gnu/libxcb-dri2.so.0.0.0
7ffc89830000-7ffc89845000 r-xp 00000000 08:08 2629015                    /usr/lib/x86_64-linux-gnu/libxcb-glx.so.0.0.0
7ffc89845000-7ffc89a44000 ---p 00015000 08:08 2629015                    /usr/lib/x86_64-linux-gnu/libxcb-glx.so.0.0.0
7ffc89a44000-7ffc89a46000 r--p 00014000 08:08 2629015                    /usr/lib/x86_64-linux-gnu/libxcb-glx.so.0.0.0
7ffc89a46000-7ffc89a47000 rw-p 00016000 08:08 2629015                    /usr/lib/x86_64-linux-gnu/libxcb-glx.so.0.0.0
7ffc89a47000-7ffc89a48000 r-xp 00000000 08:08 2628796                    /usr/lib/x86_64-linux-gnu/libX11-xcb.so.1.0.0
7ffc89a48000-7ffc89c47000 ---p 00001000 08:08 2628796                    /usr/lib/x86_64-linux-gnu/libX11-xcb.so.1.0.0
7ffc89c47000-7ffc89c48000 r--p 00000000 08:08 2628796                    /usr/lib/x86_64-linux-gnu/libX11-xcb.so.1.0.0
7ffc89c48000-7ffc89c49000 rw-p 00001000 08:08 2628796                    /usr/lib/x86_64-linux-gnu/libX11-xcb.so.1.0.0
7ffc89c49000-7ffc89c6a000 r-xp 00000000 08:08 2624259                    /usr/lib/x86_64-linux-gnu/libglapi.so.0.0.0
7ffc89c6a000-7ffc89e6a000 ---p 00021000 08:08 2624259                    /usr/lib/x86_64-linux-gnu/libglapi.so.0.0.0
7ffc89e6a000-7ffc89e6d000 r--p 00021000 08:08 2624259                    /usr/lib/x86_64-linux-gnu/libglapi.so.0.0.0
7ffc89e6d000-7ffc89e6e000 rw-p 00024000 08:08 2624259                    /usr/lib/x86_64-linux-gnu/libglapi.so.0.0.0
7ffc89e6e000-7ffc89e6f000 rw-p 00000000 00:00 0 
7ffc89e6f000-7ffc89eca000 r-xp 00000000 08:08 2885764                    /usr/lib/x86_64-linux-gnu/mesa/libGL.so.1.2.0
7ffc89eca000-7ffc8a0c9000 ---p 0005b000 08:08 2885764                    /usr/lib/x86_64-linux-gnu/mesa/libGL.so.1.2.0
7ffc8a0c9000-7ffc8a0cb000 r--p 0005a000 08:08 2885764                    /usr/lib/x86_64-linux-gnu/mesa/libGL.so.1.2.0
7ffc8a0cb000-7ffc8a0cc000 rw-p 0005c000 08:08 2885764                    /usr/lib/x86_64-linux-gnu/mesa/libGL.so.1.2.0
7ffc8a0cc000-7ffc8a0cd000 rw-p 00000000 00:00 0 
7ffc8a0cd000-7ffc8a0d0000 ---p 00000000 00:00 0 
7ffc8a0d0000-7ffc8a1ce000 rw-p 00000000 00:00 0                          [stack:804]
7ffc8a1ce000-7ffc8a1cf000 ---p 00000000 00:00 0 
7ffc8a1cf000-7ffc8a9cf000 rw-p 00000000 00:00 0                          [stack:802]
7ffc8a9cf000-7ffc8a9d5000 r-xp 00000000 08:08 2629481                    /usr/lib/x86_64-linux-gnu/libogg.so.0.8.0
7ffc8a9d5000-7ffc8abd4000 ---p 00006000 08:08 2629481                    /usr/lib/x86_64-linux-gnu/libogg.so.0.8.0
7ffc8abd4000-7ffc8abd5000 r--p 00005000 08:08 2629481                    /usr/lib/x86_64-linux-gnu/libogg.so.0.8.0
7ffc8abd5000-7ffc8abd6000 rw-p 00006000 08:08 2629481                    /usr/lib/x86_64-linux-gnu/libogg.so.0.8.0
7ffc8abd6000-7ffc8ac01000 r-xp 00000000 08:08 2629702                    /usr/lib/x86_64-linux-gnu/libvorbis.so.0.4.5
7ffc8ac01000-7ffc8ae01000 ---p 0002b000 08:08 2629702                    /usr/lib/x86_64-linux-gnu/libvorbis.so.0.4.5
7ffc8ae01000-7ffc8ae02000 r--p 0002b000 08:08 2629702                    /usr/lib/x86_64-linux-gnu/libvorbis.so.0.4.5
7ffc8ae02000-7ffc8ae03000 rw-p 0002c000 08:08 2629702                    /usr/lib/x86_64-linux-gnu/libvorbis.so.0.4.5
7ffc8ae03000-7ffc8b0b6000 r-xp 00000000 08:08 2629704                    /usr/lib/x86_64-linux-gnu/libvorbisenc.so.2.0.8
7ffc8b0b6000-7ffc8b2b5000 ---p 002b3000 08:08 2629704                    /usr/lib/x86_64-linux-gnu/libvorbisenc.so.2.0.8
7ffc8b2b5000-7ffc8b2d1000 r--p 002b2000 08:08 2629704                    /usr/lib/x86_64-linux-gnu/libvorbisenc.so.2.0.8
7ffc8b2d1000-7ffc8b2d2000 rw-p 002ce000 08:08 2629704                    /usr/lib/x86_64-linux-gnu/libvorbisenc.so.2.0.8
7ffc8b2d2000-7ffc8b31c000 r-xp 00000000 08:08 2628795                    /usr/lib/x86_64-linux-gnu/libFLAC.so.8.2.0
7ffc8b31c000-7ffc8b51c000 ---p 0004a000 08:08 2628795                    /usr/lib/x86_64-linux-gnu/libFLAC.so.8.2.0
7ffc8b51c000-7ffc8b51d000 r--p 0004a000 08:08 2628795                    /usr/lib/x86_64-linux-gnu/libFLAC.so.8.2.0
7ffc8b51d000-7ffc8b51e000 rw-p 0004b000 08:08 2628795                    /usr/lib/x86_64-linux-gnu/libFLAC.so.8.2.0
7ffc8b51e000-7ffc8b523000 r-xp 00000000 08:08 2628951                    /usr/lib/x86_64-linux-gnu/libasyncns.so.0.3.1
7ffc8b523000-7ffc8b722000 ---p 00005000 08:08 2628951                    /usr/lib/x86_64-linux-gnu/libasyncns.so.0.3.1
7ffc8b722000-7ffc8b723000 r--p 00004000 08:08 2628951                    /usr/lib/x86_64-linux-gnu/libasyncns.so.0.3.1
7ffc8b723000-7ffc8b724000 rw-p 00005000 08:08 2628951                    /usr/lib/x86_64-linux-gnu/libasyncns.so.0.3.1
7ffc8b724000-7ffc8b783000 r-xp 00000000 08:08 2629613                    /usr/lib/x86_64-linux-gnu/libsndfile.so.1.0.25
7ffc8b783000-7ffc8b983000 ---p 0005f000 08:08 2629613                    /usr/lib/x86_64-linux-gnu/libsndfile.so.1.0.25
7ffc8b983000-7ffc8b985000 r--p 0005f000 08:08 2629613                    /usr/lib/x86_64-linux-gnu/libsndfile.so.1.0.25
7ffc8b985000-7ffc8b986000 rw-p 00061000 08:08 2629613                    /usr/lib/x86_64-linux-gnu/libsndfile.so.1.0.25
7ffc8b986000-7ffc8b98a000 rw-p 00000000 00:00 0 
7ffc8b98a000-7ffc8b992000 r-xp 00000000 08:08 4591420                    /lib/x86_64-linux-gnu/libwrap.so.0.7.6
7ffc8b992000-7ffc8bb92000 ---p 00008000 08:08 4591420                    /lib/x86_64-linux-gnu/libwrap.so.0.7.6
7ffc8bb92000-7ffc8bb93000 r--p 00008000 08:08 4591420                    /lib/x86_64-linux-gnu/libwrap.so.0.7.6
7ffc8bb93000-7ffc8bb94000 rw-p 00009000 08:08 4591420                    /lib/x86_64-linux-gnu/libwrap.so.0.7.6
7ffc8bb94000-7ffc8bbf6000 r-xp 00000000 08:08 2884785                    /usr/lib/x86_64-linux-gnu/pulseaudio/libpulsecommon-3.0.so
7ffc8bbf6000-7ffc8bdf5000 ---p 00062000 08:08 2884785                    /usr/lib/x86_64-linux-gnu/pulseaudio/libpulsecommon-3.0.so
7ffc8bdf5000-7ffc8bdf6000 r--p 00061000 08:08 2884785                    /usr/lib/x86_64-linux-gnu/pulseaudio/libpulsecommon-3.0.so
7ffc8bdf6000-7ffc8bdf7000 rw-p 00062000 08:08 2884785                    /usr/lib/x86_64-linux-gnu/pulseaudio/libpulsecommon-3.0.so
7ffc8bdf7000-7ffc8bdff000 r-xp 00000000 08:08 4591310                    /lib/x86_64-linux-gnu/libjson.so.0.1.0
7ffc8bdff000-7ffc8bffe000 ---p 00008000 08:08 4591310                    /lib/x86_64-linux-gnu/libjson.so.0.1.0
7ffc8bffe000-7ffc8bfff000 r--p 00007000 08:08 4591310                    /lib/x86_64-linux-gnu/libjson.so.0.1.0
7ffc8bfff000-7ffc8c000000 rw-p 00008000 08:08 4591310                    /lib/x86_64-linux-gnu/libjson.so.0.1.0
7ffc8c000000-7ffc8c021000 rw-p 00000000 00:00 0 
7ffc8c021000-7ffc90000000 ---p 00000000 00:00 0 
7ffc9004e000-7ffc9004f000 ---p 00000000 00:00 0 
7ffc9004f000-7ffc9014f000 rw-p 00000000 00:00 0                          [stack:803]
7ffc9014f000-7ffc90196000 r-xp 00000000 08:08 2621929                    /usr/lib/x86_64-linux-gnu/libpulse.so.0.15.3
7ffc90196000-7ffc90395000 ---p 00047000 08:08 2621929                    /usr/lib/x86_64-linux-gnu/libpulse.so.0.15.3
7ffc90395000-7ffc90396000 r--p 00046000 08:08 2621929                    /usr/lib/x86_64-linux-gnu/libpulse.so.0.15.3
7ffc90396000-7ffc90397000 rw-p 00047000 08:08 2621929                    /usr/lib/x86_64-linux-gnu/libpulse.so.0.15.3
7ffc90397000-7ffc903ec000 r-xp 00000000 08:08 262290                     /tmp/libgdxniltonvasques/d13da6b9/libopenal64.so
7ffc903ec000-7ffc905eb000 ---p 00055000 08:08 262290                     /tmp/libgdxniltonvasques/d13da6b9/libopenal64.so
7ffc905eb000-7ffc905ee000 r--p 00054000 08:08 262290                     /tmp/libgdxniltonvasques/d13da6b9/libopenal64.so
7ffc905ee000-7ffc905ef000 rw-p 00057000 08:08 262290                     /tmp/libgdxniltonvasques/d13da6b9/libopenal64.so
7ffc905ef000-7ffc905f0000 rw-p 00000000 00:00 0 
7ffc905f0000-7ffc905f4000 r-xp 00000000 08:08 2628917                    /usr/lib/x86_64-linux-gnu/libXxf86vm.so.1.0.0
7ffc905f4000-7ffc907f4000 ---p 00004000 08:08 2628917                    /usr/lib/x86_64-linux-gnu/libXxf86vm.so.1.0.0
7ffc907f4000-7ffc907f5000 r--p 00004000 08:08 2628917                    /usr/lib/x86_64-linux-gnu/libXxf86vm.so.1.0.0
7ffc907f5000-7ffc907f6000 rw-p 00005000 08:08 2628917                    /usr/lib/x86_64-linux-gnu/libXxf86vm.so.1.0.0
7ffc907f6000-7ffc90860000 r-xp 00000000 08:08 262277                     /tmp/libgdxniltonvasques/d13da6b9/liblwjgl64.so
7ffc90860000-7ffc90a60000 ---p 0006a000 08:08 262277                     /tmp/libgdxniltonvasques/d13da6b9/liblwjgl64.so
7ffc90a60000-7ffc90a62000 r--p 0006a000 08:08 262277                     /tmp/libgdxniltonvasques/d13da6b9/liblwjgl64.so
7ffc90a62000-7ffc90a63000 rw-p 0006c000 08:08 262277                     /tmp/libgdxniltonvasques/d13da6b9/liblwjgl64.so
7ffc90a63000-7ffc90a64000 r-xp 00000000 08:08 3149765                    /usr/lib/jvm/java-7-openjdk-amd64/jre/lib/amd64/libjawt.so
7ffc90a64000-7ffc90c63000 ---p 00001000 08:08 3149765                    /usr/lib/jvm/java-7-openjdk-amd64/jre/lib/amd64/libjawt.so
7ffc90c63000-7ffc90c64000 r--p 00000000 08:08 3149765                    /usr/lib/jvm/java-7-openjdk-amd64/jre/lib/amd64/libjawt.so
7ffc90c64000-7ffc90c65000 rw-p 00001000 08:08 3149765                    /usr/lib/jvm/java-7-openjdk-amd64/jre/lib/amd64/libjawt.so
7ffc90c65000-7ffc90c68000 ---p 00000000 00:00 0 
7ffc90c68000-7ffc90d66000 rw-p 00000000 00:00 0                          [stack:800]
7ffc90d66000-7ffc90d69000 ---p 00000000 00:00 0 
7ffc90d69000-7ffc90e67000 rw-p 00000000 00:00 0                          [stack:799]
7ffc90e67000-7ffc91fd6000 r-xp 00000000 08:08 2624236                    /usr/lib/x86_64-linux-gnu/libicudata.so.48.1.1
7ffc91fd6000-7ffc921d5000 ---p 0116f000 08:08 2624236                    /usr/lib/x86_64-linux-gnu/libicudata.so.48.1.1
7ffc921d5000-7ffc921d6000 r--p 0116e000 08:08 2624236                    /usr/lib/x86_64-linux-gnu/libicudata.so.48.1.1
7ffc921d6000-7ffc921d7000 rw-p 0116f000 08:08 2624236                    /usr/lib/x86_64-linux-gnu/libicudata.so.48.1.1
7ffc921d7000-7ffc921da000 r-xp 00000000 08:08 4591301                    /lib/x86_64-linux-gnu/libgpg-error.so.0.8.0
7ffc921da000-7ffc923d9000 ---p 00003000 08:08 4591301                    /lib/x86_64-linux-gnu/libgpg-error.so.0.8.0
7ffc923d9000-7ffc923da000 r--p 00002000 08:08 4591301                    /lib/x86_64-linux-gnu/libgpg-error.so.0.8.0
7ffc923da000-7ffc923db000 rw-p 00003000 08:08 4591301                    /lib/x86_64-linux-gnu/libgpg-error.so.0.8.0
7ffc923db000-7ffc923dd000 r-xp 00000000 08:08 4591312                    /lib/x86_64-linux-gnu/libkeyutils.so.1.4
7ffc923dd000-7ffc925dd000 ---p 00002000 08:08 4591312                    /lib/x86_64-linux-gnu/libkeyutils.so.1.4
7ffc925dd000-7ffc925de000 r--p 00002000 08:08 4591312                    /lib/x86_64-linux-gnu/libkeyutils.so.1.4
7ffc925de000-7ffc925df000 rw-p 00003000 08:08 4591312                    /lib/x86_64-linux-gnu/libkeyutils.so.1.4
7ffc925df000-7ffc92735000 r-xp 00000000 08:08 2628454                    /usr/lib/x86_64-linux-gnu/libicuuc.so.48.1.1
7ffc92735000-7ffc92934000 ---p 00156000 08:08 2628454                    /usr/lib/x86_64-linux-gnu/libicuuc.so.48.1.1
7ffc92934000-7ffc92945000 r--p 00155000 08:08 2628454                    /usr/lib/x86_64-linux-gnu/libicuuc.so.48.1.1
7ffc92945000-7ffc92946000 rw-p 00166000 08:08 2628454                    /usr/lib/x86_64-linux-gnu/libicuuc.so.48.1.1
7ffc92946000-7ffc9294a000 rw-p 00000000 00:00 0 
7ffc9294a000-7ffc9297c000 r-xp 00000000 08:08 2628448                    /usr/lib/x86_64-linux-gnu/libicule.so.48.1.1
7ffc9297c000-7ffc92b7c000 ---p 00032000 08:08 2628448                    /usr/lib/x86_64-linux-gnu/libicule.so.48.1.1
7ffc92b7c000-7ffc92b7e000 r--p 00032000 08:08 2628448                    /usr/lib/x86_64-linux-gnu/libicule.so.48.1.1
7ffc92b7e000-7ffc92b7f000 rw-p 00034000 08:08 2628448                    /usr/lib/x86_64-linux-gnu/libicule.so.48.1.1
7ffc92b7f000-7ffc92bc2000 r-xp 00000000 08:08 4592696                    /lib/x86_64-linux-gnu/libdbus-1.so.3.7.2
7ffc92bc2000-7ffc92dc1000 ---p 00043000 08:08 4592696                    /lib/x86_64-linux-gnu/libdbus-1.so.3.7.2
7ffc92dc1000-7ffc92dc2000 r--p 00042000 08:08 4592696                    /lib/x86_64-linux-gnu/libdbus-1.so.3.7.2
7ffc92dc2000-7ffc92dc3000 rw-p 00043000 08:08 4592696                    /lib/x86_64-linux-gnu/libdbus-1.so.3.7.2
7ffc92dc3000-7ffc92dd5000 r-xp 00000000 08:08 2629489                    /usr/lib/x86_64-linux-gnu/libp11-kit.so.0.0.0
7ffc92dd5000-7ffc92fd5000 ---p 00012000 08:08 2629489                    /usr/lib/x86_64-linux-gnu/libp11-kit.so.0.0.0
7ffc92fd5000-7ffc92fd6000 r--p 00012000 08:08 2629489                    /usr/lib/x86_64-linux-gnu/libp11-kit.so.0.0.0
7ffc92fd6000-7ffc92fd7000 rw-p 00013000 08:08 2629489                    /usr/lib/x86_64-linux-gnu/libp11-kit.so.0.0.0
7ffc92fd7000-7ffc92fe6000 r-xp 00000000 08:08 2629647                    /usr/lib/x86_64-linux-gnu/libtasn1.so.3.2.0
7ffc92fe6000-7ffc931e6000 ---p 0000f000 08:08 2629647                    /usr/lib/x86_64-linux-gnu/libtasn1.so.3.2.0
7ffc931e6000-7ffc931e7000 r--p 0000f000 08:08 2629647                    /usr/lib/x86_64-linux-gnu/libtasn1.so.3.2.0
7ffc931e7000-7ffc931e8000 rw-p 00010000 08:08 2629647                    /usr/lib/x86_64-linux-gnu/libtasn1.so.3.2.0
7ffc931e8000-7ffc93262000 r-xp 00000000 08:08 4592717                    /lib/x86_64-linux-gnu/libgcrypt.so.11.7.0
7ffc93262000-7ffc93462000 ---p 0007a000 08:08 4592717                    /lib/x86_64-linux-gnu/libgcrypt.so.11.7.0
7ffc93462000-7ffc93463000 r--p 0007a000 08:08 4592717                    /lib/x86_64-linux-gnu/libgcrypt.so.11.7.0
7ffc93463000-7ffc93466000 rw-p 0007b000 08:08 4592717                    /lib/x86_64-linux-gnu/libgcrypt.so.11.7.0
7ffc93466000-7ffc9346d000 r-xp 00000000 08:08 2629402                    /usr/lib/x86_64-linux-gnu/libkrb5support.so.0.1
7ffc9346d000-7ffc9366c000 ---p 00007000 08:08 2629402                    /usr/lib/x86_64-linux-gnu/libkrb5support.so.0.1
7ffc9366c000-7ffc9366d000 r--p 00006000 08:08 2629402                    /usr/lib/x86_64-linux-gnu/libkrb5support.so.0.1
7ffc9366d000-7ffc9366e000 rw-p 00007000 08:08 2629402                    /usr/lib/x86_64-linux-gnu/libkrb5support.so.0.1
7ffc9366e000-7ffc93671000 r-xp 00000000 08:08 4591277                    /lib/x86_64-linux-gnu/libcom_err.so.2.1
7ffc93671000-7ffc93870000 ---p 00003000 08:08 4591277                    /lib/x86_64-linux-gnu/libcom_err.so.2.1
7ffc93870000-7ffc93871000 r--p 00002000 08:08 4591277                    /lib/x86_64-linux-gnu/libcom_err.so.2.1
7ffc93871000-7ffc93872000 rw-p 00003000 08:08 4591277                    /lib/x86_64-linux-gnu/libcom_err.so.2.1
7ffc93872000-7ffc93898000 r-xp 00000000 08:08 2629396                    /usr/lib/x86_64-linux-gnu/libk5crypto.so.3.1
7ffc93898000-7ffc93a98000 ---p 00026000 08:08 2629396                    /usr/lib/x86_64-linux-gnu/libk5crypto.so.3.1
7ffc93a98000-7ffc93a99000 r--p 00026000 08:08 2629396                    /usr/lib/x86_64-linux-gnu/libk5crypto.so.3.1
7ffc93a99000-7ffc93a9a000 rw-p 00027000 08:08 2629396                    /usr/lib/x86_64-linux-gnu/libk5crypto.so.3.1
7ffc93a9a000-7ffc93a9b000 rw-p 00000000 00:00 0 
7ffc93a9b000-7ffc93b5f000 r-xp 00000000 08:08 2629400                    /usr/lib/x86_64-linux-gnu/libkrb5.so.3.3
7ffc93b5f000-7ffc93d5e000 ---p 000c4000 08:08 2629400                    /usr/lib/x86_64-linux-gnu/libkrb5.so.3.3
7ffc93d5e000-7ffc93d68000 r--p 000c3000 08:08 2629400                    /usr/lib/x86_64-linux-gnu/libkrb5.so.3.3
7ffc93d68000-7ffc93d69000 rw-p 000cd000 08:08 2629400                    /usr/lib/x86_64-linux-gnu/libkrb5.so.3.3
7ffc93d69000-7ffc93dfe000 r-xp 00000000 08:08 2629337                    /usr/lib/x86_64-linux-gnu/libharfbuzz.so.0.913.0
7ffc93dfe000-7ffc93ffd000 ---p 00095000 08:08 2629337                    /usr/lib/x86_64-linux-gnu/libharfbuzz.so.0.913.0
7ffc93ffd000-7ffc93fff000 r--p 00094000 08:08 2629337                    /usr/lib/x86_64-linux-gnu/libharfbuzz.so.0.913.0
7ffc93fff000-7ffc94000000 rw-p 00096000 08:08 2629337                    /usr/lib/x86_64-linux-gnu/libharfbuzz.so.0.913.0
7ffc94000000-7ffc94021000 rw-p 00000000 00:00 0 
7ffc94021000-7ffc98000000 ---p 00000000 00:00 0 
7ffc9805b000-7ffc980cf000 rw-p 00000000 00:00 0 
7ffc980cf000-7ffc980d7000 r-xp 00000000 08:08 2629667                    /usr/lib/x86_64-linux-gnu/libxcb-render.so.0.0.0
7ffc980d7000-7ffc982d7000 ---p 00008000 08:08 2629667                    /usr/lib/x86_64-linux-gnu/libxcb-render.so.0.0.0
7ffc982d7000-7ffc982d8000 r--p 00008000 08:08 2629667                    /usr/lib/x86_64-linux-gnu/libxcb-render.so.0.0.0
7ffc982d8000-7ffc982d9000 rw-p 00009000 08:08 2629667                    /usr/lib/x86_64-linux-gnu/libxcb-render.so.0.0.0
7ffc982d9000-7ffc982db000 r-xp 00000000 08:08 2629735                    /usr/lib/x86_64-linux-gnu/libxcb-shm.so.0.0.0
7ffc982db000-7ffc984da000 ---p 00002000 08:08 2629735                    /usr/lib/x86_64-linux-gnu/libxcb-shm.so.0.0.0
7ffc984da000-7ffc984db000 r--p 00001000 08:08 2629735                    /usr/lib/x86_64-linux-gnu/libxcb-shm.so.0.0.0
7ffc984db000-7ffc984dc000 rw-p 00002000 08:08 2629735                    /usr/lib/x86_64-linux-gnu/libxcb-shm.so.0.0.0
7ffc984dc000-7ffc98501000 r-xp 00000000 08:08 4591377                    /lib/x86_64-linux-gnu/libpng12.so.0.49.0
7ffc98501000-7ffc98700000 ---p 00025000 08:08 4591377                    /lib/x86_64-linux-gnu/libpng12.so.0.49.0
7ffc98700000-7ffc98701000 r--p 00024000 08:08 4591377                    /lib/x86_64-linux-gnu/libpng12.so.0.49.0
7ffc98701000-7ffc98702000 rw-p 00025000 08:08 4591377                    /lib/x86_64-linux-gnu/libpng12.so.0.49.0
7ffc98702000-7ffc987a4000 r-xp 00000000 08:08 2628020                    /usr/lib/x86_64-linux-gnu/libpixman-1.so.0.30.2
7ffc987a4000-7ffc989a4000 ---p 000a2000 08:08 2628020                    /usr/lib/x86_64-linux-gnu/libpixman-1.so.0.30.2
7ffc989a4000-7ffc989ab000 r--p 000a2000 08:08 2628020                    /usr/lib/x86_64-linux-gnu/libpixman-1.so.0.30.2
7ffc989ab000-7ffc989ac000 rw-p 000a9000 08:08 2628020                    /usr/lib/x86_64-linux-gnu/libpixman-1.so.0.30.2
7ffc989ac000-7ffc989b1000 r-xp 00000000 08:08 2628888                    /usr/lib/x86_64-linux-gnu/libXdmcp.so.6.0.0
7ffc989b1000-7ffc98bb0000 ---p 00005000 08:08 2628888                    /usr/lib/x86_64-linux-gnu/libXdmcp.so.6.0.0
7ffc98bb0000-7ffc98bb1000 r--p 00004000 08:08 2628888                    /usr/lib/x86_64-linux-gnu/libXdmcp.so.6.0.0
7ffc98bb1000-7ffc98bb2000 rw-p 00005000 08:08 2628888                    /usr/lib/x86_64-linux-gnu/libXdmcp.so.6.0.0
7ffc98bb2000-7ffc98bb4000 r-xp 00000000 08:08 2628877                    /usr/lib/x86_64-linux-gnu/libXau.so.6.0.0
7ffc98bb4000-7ffc98db4000 ---p 00002000 08:08 2628877                    /usr/lib/x86_64-linux-gnu/libXau.so.6.0.0
7ffc98db4000-7ffc98db5000 r--p 00002000 08:08 2628877                    /usr/lib/x86_64-linux-gnu/libXau.so.6.0.0
7ffc98db5000-7ffc98db6000 rw-p 00003000 08:08 2628877                    /usr/lib/x86_64-linux-gnu/libXau.so.6.0.0
7ffc98db6000-7ffc98dc5000 r-xp 00000000 08:08 2628963                    /usr/lib/x86_64-linux-gnu/libavahi-client.so.3.2.9
7ffc98dc5000-7ffc98fc5000 ---p 0000f000 08:08 2628963                    /usr/lib/x86_64-linux-gnu/libavahi-client.so.3.2.9
7ffc98fc5000-7ffc98fc6000 r--p 0000f000 08:08 2628963                    /usr/lib/x86_64-linux-gnu/libavahi-client.so.3.2.9
7ffc98fc6000-7ffc98fc7000 rw-p 00010000 08:08 2628963                    /usr/lib/x86_64-linux-gnu/libavahi-client.so.3.2.9
7ffc98fc7000-7ffc98fd2000 r-xp 00000000 08:08 2628965                    /usr/lib/x86_64-linux-gnu/libavahi-common.so.3.5.3
7ffc98fd2000-7ffc991d1000 ---p 0000b000 08:08 2628965                    /usr/lib/x86_64-linux-gnu/libavahi-common.so.3.5.3
7ffc991d1000-7ffc991d2000 r--p 0000a000 08:08 2628965                    /usr/lib/x86_64-linux-gnu/libavahi-common.so.3.5.3
7ffc991d2000-7ffc991d3000 rw-p 0000b000 08:08 2628965                    /usr/lib/x86_64-linux-gnu/libavahi-common.so.3.5.3
7ffc991d3000-7ffc99288000 r-xp 00000000 08:08 2622565                    /usr/lib/x86_64-linux-gnu/libgnutls.so.26.22.6
7ffc99288000-7ffc99487000 ---p 000b5000 08:08 2622565                    /usr/lib/x86_64-linux-gnu/libgnutls.so.26.22.6
7ffc99487000-7ffc9948d000 r--p 000b4000 08:08 2622565                    /usr/lib/x86_64-linux-gnu/libgnutls.so.26.22.6
7ffc9948d000-7ffc9948e000 rw-p 000ba000 08:08 2622565                    /usr/lib/x86_64-linux-gnu/libgnutls.so.26.22.6
7ffc9948e000-7ffc9948f000 rw-p 00000000 00:00 0 
7ffc9948f000-7ffc994ca000 r-xp 00000000 08:08 2629239                    /usr/lib/x86_64-linux-gnu/libgssapi_krb5.so.2.2
7ffc994ca000-7ffc996ca000 ---p 0003b000 08:08 2629239                    /usr/lib/x86_64-linux-gnu/libgssapi_krb5.so.2.2
7ffc996ca000-7ffc996cb000 r--p 0003b000 08:08 2629239                    /usr/lib/x86_64-linux-gnu/libgssapi_krb5.so.2.2
7ffc996cb000-7ffc996cd000 rw-p 0003c000 08:08 2629239                    /usr/lib/x86_64-linux-gnu/libgssapi_krb5.so.2.2
7ffc996cd000-7ffc9970a000 r-xp 00000000 08:08 4591365                    /lib/x86_64-linux-gnu/libpcre.so.3.13.1
7ffc9970a000-7ffc9990a000 ---p 0003d000 08:08 4591365                    /lib/x86_64-linux-gnu/libpcre.so.3.13.1
7ffc9990a000-7ffc9990b000 r--p 0003d000 08:08 4591365                    /lib/x86_64-linux-gnu/libpcre.so.3.13.1
7ffc9990b000-7ffc9990c000 rw-p 0003e000 08:08 4591365                    /lib/x86_64-linux-gnu/libpcre.so.3.13.1
7ffc9990c000-7ffc99913000 r-xp 00000000 08:08 2629115                    /usr/lib/x86_64-linux-gnu/libffi.so.6.0.1
7ffc99913000-7ffc99b12000 ---p 00007000 08:08 2629115                    /usr/lib/x86_64-linux-gnu/libffi.so.6.0.1
7ffc99b12000-7ffc99b13000 r--p 00006000 08:08 2629115                    /usr/lib/x86_64-linux-gnu/libffi.so.6.0.1
7ffc99b13000-7ffc99b14000 rw-p 00007000 08:08 2629115                    /usr/lib/x86_64-linux-gnu/libffi.so.6.0.1
7ffc99b14000-7ffc99b3a000 r-xp 00000000 08:08 4591290                    /lib/x86_64-linux-gnu/libexpat.so.1.6.0
7ffc99b3a000-7ffc99d3a000 ---p 00026000 08:08 4591290                    /lib/x86_64-linux-gnu/libexpat.so.1.6.0
7ffc99d3a000-7ffc99d3c000 r--p 00026000 08:08 4591290                    /lib/x86_64-linux-gnu/libexpat.so.1.6.0
7ffc99d3c000-7ffc99d3d000 rw-p 00028000 08:08 4591290                    /lib/x86_64-linux-gnu/libexpat.so.1.6.0
7ffc99d3d000-7ffc99dd4000 r-xp 00000000 08:08 2629151                    /usr/lib/x86_64-linux-gnu/libfreetype.so.6.10.0
7ffc99dd4000-7ffc99fd3000 ---p 00097000 08:08 2629151                    /usr/lib/x86_64-linux-gnu/libfreetype.so.6.10.0
7ffc99fd3000-7ffc99fd9000 r--p 00096000 08:08 2629151                    /usr/lib/x86_64-linux-gnu/libfreetype.so.6.10.0
7ffc99fd9000-7ffc99fda000 rw-p 0009c000 08:08 2629151                    /usr/lib/x86_64-linux-gnu/libfreetype.so.6.10.0
7ffc99fda000-7ffc99ff0000 r-xp 00000000 08:08 4607199                    /lib/x86_64-linux-gnu/libresolv-2.17.so
7ffc99ff0000-7ffc9a1f0000 ---p 00016000 08:08 4607199                    /lib/x86_64-linux-gnu/libresolv-2.17.so
7ffc9a1f0000-7ffc9a1f1000 r--p 00016000 08:08 4607199                    /lib/x86_64-linux-gnu/libresolv-2.17.so
7ffc9a1f1000-7ffc9a1f2000 rw-p 00017000 08:08 4607199                    /lib/x86_64-linux-gnu/libresolv-2.17.so
7ffc9a1f2000-7ffc9a1f4000 rw-p 00000000 00:00 0 
7ffc9a1f4000-7ffc9a211000 r-xp 00000000 08:08 4591392                    /lib/x86_64-linux-gnu/libselinux.so.1
7ffc9a211000-7ffc9a410000 ---p 0001d000 08:08 4591392                    /lib/x86_64-linux-gnu/libselinux.so.1
7ffc9a410000-7ffc9a411000 r--p 0001c000 08:08 4591392                    /lib/x86_64-linux-gnu/libselinux.so.1
7ffc9a411000-7ffc9a412000 rw-p 0001d000 08:08 4591392                    /lib/x86_64-linux-gnu/libselinux.so.1
7ffc9a412000-7ffc9a413000 rw-p 00000000 00:00 0 
7ffc9a413000-7ffc9a415000 r-xp 00000000 08:08 2628886                    /usr/lib/x86_64-linux-gnu/libXdamage.so.1.1.0
7ffc9a415000-7ffc9a614000 ---p 00002000 08:08 2628886                    /usr/lib/x86_64-linux-gnu/libXdamage.so.1.1.0
7ffc9a614000-7ffc9a615000 r--p 00001000 08:08 2628886                    /usr/lib/x86_64-linux-gnu/libXdamage.so.1.1.0
7ffc9a615000-7ffc9a616000 rw-p 00002000 08:08 2628886                    /usr/lib/x86_64-linux-gnu/libXdamage.so.1.1.0
7ffc9a616000-7ffc9a618000 r-xp 00000000 08:08 2628882                    /usr/lib/x86_64-linux-gnu/libXcomposite.so.1.0.0
7ffc9a618000-7ffc9a817000 ---p 00002000 08:08 2628882                    /usr/lib/x86_64-linux-gnu/libXcomposite.so.1.0.0
7ffc9a817000-7ffc9a818000 r--p 00001000 08:08 2628882                    /usr/lib/x86_64-linux-gnu/libXcomposite.so.1.0.0
7ffc9a818000-7ffc9a819000 rw-p 00002000 08:08 2628882                    /usr/lib/x86_64-linux-gnu/libXcomposite.so.1.0.0
7ffc9a819000-7ffc9a822000 r-xp 00000000 08:08 2628909                    /usr/lib/x86_64-linux-gnu/libXcursor.so.1.0.2
7ffc9a822000-7ffc9aa22000 ---p 00009000 08:08 2628909                    /usr/lib/x86_64-linux-gnu/libXcursor.so.1.0.2
7ffc9aa22000-7ffc9aa23000 r--p 00009000 08:08 2628909                    /usr/lib/x86_64-linux-gnu/libXcursor.so.1.0.2
7ffc9aa23000-7ffc9aa24000 rw-p 0000a000 08:08 2628909                    /usr/lib/x86_64-linux-gnu/libXcursor.so.1.0.2
7ffc9aa24000-7ffc9aa2d000 r-xp 00000000 08:08 2628903                    /usr/lib/x86_64-linux-gnu/libXrandr.so.2.2.0
7ffc9aa2d000-7ffc9ac2c000 ---p 00009000 08:08 2628903                    /usr/lib/x86_64-linux-gnu/libXrandr.so.2.2.0
7ffc9ac2c000-7ffc9ac2d000 r--p 00008000 08:08 2628903                    /usr/lib/x86_64-linux-gnu/libXrandr.so.2.2.0
7ffc9ac2d000-7ffc9ac2e000 rw-p 00009000 08:08 2628903                    /usr/lib/x86_64-linux-gnu/libXrandr.so.2.2.0
7ffc9ac2e000-7ffc9ac30000 r-xp 00000000 08:08 2628883                    /usr/lib/x86_64-linux-gnu/libXinerama.so.1.0.0
7ffc9ac30000-7ffc9ae2f000 ---p 00002000 08:08 2628883                    /usr/lib/x86_64-linux-gnu/libXinerama.so.1.0.0
7ffc9ae2f000-7ffc9ae30000 r--p 00001000 08:08 2628883                    /usr/lib/x86_64-linux-gnu/libXinerama.so.1.0.0
7ffc9ae30000-7ffc9ae31000 rw-p 00002000 08:08 2628883                    /usr/lib/x86_64-linux-gnu/libXinerama.so.1.0.0
7ffc9ae31000-7ffc9ae44000 r-xp 00000000 08:08 2629501                    /usr/lib/x86_64-linux-gnu/libpangoft2-1.0.so.0.3200.5
7ffc9ae44000-7ffc9b043000 ---p 00013000 08:08 2629501                    /usr/lib/x86_64-linux-gnu/libpangoft2-1.0.so.0.3200.5
7ffc9b043000-7ffc9b044000 r--p 00012000 08:08 2629501                    /usr/lib/x86_64-linux-gnu/libpangoft2-1.0.so.0.3200.5
7ffc9b044000-7ffc9b045000 rw-p 00013000 08:08 2629501                    /usr/lib/x86_64-linux-gnu/libpangoft2-1.0.so.0.3200.5
7ffc9b045000-7ffc9b143000 r-xp 00000000 08:08 2628989                    /usr/lib/x86_64-linux-gnu/libcairo.so.2.11200.14
7ffc9b143000-7ffc9b343000 ---p 000fe000 08:08 2628989                    /usr/lib/x86_64-linux-gnu/libcairo.so.2.11200.14
7ffc9b343000-7ffc9b346000 r--p 000fe000 08:08 2628989                    /usr/lib/x86_64-linux-gnu/libcairo.so.2.11200.14
7ffc9b346000-7ffc9b347000 rw-p 00101000 08:08 2628989                    /usr/lib/x86_64-linux-gnu/libcairo.so.2.11200.14
7ffc9b347000-7ffc9b349000 rw-p 00000000 00:00 0 
7ffc9b349000-7ffc9b369000 r-xp 00000000 08:08 2628388                    /usr/lib/x86_64-linux-gnu/libatk-1.0.so.0.20809.1
7ffc9b369000-7ffc9b568000 ---p 00020000 08:08 2628388                    /usr/lib/x86_64-linux-gnu/libatk-1.0.so.0.20809.1
7ffc9b568000-7ffc9b56a000 r--p 0001f000 08:08 2628388                    /usr/lib/x86_64-linux-gnu/libatk-1.0.so.0.20809.1
7ffc9b56a000-7ffc9b56b000 rw-p 00021000 08:08 2628388                    /usr/lib/x86_64-linux-gnu/libatk-1.0.so.0.20809.1
7ffc9b56b000-7ffc9b570000 r-xp 00000000 08:08 2629745                    /usr/lib/x86_64-linux-gnu/libXfixes.so.3.1.0
7ffc9b570000-7ffc9b76f000 ---p 00005000 08:08 2629745                    /usr/lib/x86_64-linux-gnu/libXfixes.so.3.1.0
7ffc9b76f000-7ffc9b770000 r--p 00004000 08:08 2629745                    /usr/lib/x86_64-linux-gnu/libXfixes.so.3.1.0
7ffc9b770000-7ffc9b771000 rw-p 00005000 08:08 2629745                    /usr/lib/x86_64-linux-gnu/libXfixes.so.3.1.0
7ffc9b771000-7ffc9b77c000 r-xp 00000000 08:08 2629499                    /usr/lib/x86_64-linux-gnu/libpangocairo-1.0.so.0.3200.5
7ffc9b77c000-7ffc9b97c000 ---p 0000b000 08:08 2629499                    /usr/lib/x86_64-linux-gnu/libpangocairo-1.0.so.0.3200.5
7ffc9b97c000-7ffc9b97d000 r--p 0000b000 08:08 2629499                    /usr/lib/x86_64-linux-gnu/libpangocairo-1.0.so.0.3200.5
7ffc9b97d000-7ffc9b97e000 rw-p 0000c000 08:08 2629499                    /usr/lib/x86_64-linux-gnu/libpangocairo-1.0.so.0.3200.5
7ffc9b97e000-7ffc9b981000 r-xp 00000000 08:08 2621824                    /usr/lib/x86_64-linux-gnu/libgmodule-2.0.so.0.3600.0
7ffc9b981000-7ffc9bb80000 ---p 00003000 08:08 2621824                    /usr/lib/x86_64-linux-gnu/libgmodule-2.0.so.0.3600.0
7ffc9bb80000-7ffc9bb81000 r--p 00002000 08:08 2621824                    /usr/lib/x86_64-linux-gnu/libgmodule-2.0.so.0.3600.0
7ffc9bb81000-7ffc9bb82000 rw-p 00003000 08:08 2621824                    /usr/lib/x86_64-linux-gnu/libgmodule-2.0.so.0.3600.0
7ffc9bb82000-7ffc9bb9f000 r-xp 00000000 08:08 2623153                    /usr/lib/x86_64-linux-gnu/libxcb.so.1.1.0
7ffc9bb9f000-7ffc9bd9e000 ---p 0001d000 08:08 2623153                    /usr/lib/x86_64-linux-gnu/libxcb.so.1.1.0
7ffc9bd9e000-7ffc9bd9f000 r--p 0001c000 08:08 2623153                    /usr/lib/x86_64-linux-gnu/libxcb.so.1.1.0
7ffc9bd9f000-7ffc9bda0000 rw-p 0001d000 08:08 2623153                    /usr/lib/x86_64-linux-gnu/libxcb.so.1.1.0
7ffc9bda0000-7ffc9bdfa000 r-xp 00000000 08:08 2622097                    /usr/lib/x86_64-linux-gnu/libcups.so.2
7ffc9bdfa000-7ffc9bffa000 ---p 0005a000 08:08 2622097                    /usr/lib/x86_64-linux-gnu/libcups.so.2
7ffc9bffa000-7ffc9bfff000 r--p 0005a000 08:08 2622097                    /usr/lib/x86_64-linux-gnu/libcups.so.2
7ffc9bfff000-7ffc9c000000 rw-p 0005f000 08:08 2622097                    /usr/lib/x86_64-linux-gnu/libcups.so.2
7ffc9c000000-7ffc9c8ab000 rw-p 00000000 00:00 0 
7ffc9c8ab000-7ffca0000000 ---p 00000000 00:00 0 
7ffca0000000-7ffca0021000 rw-p 00000000 00:00 0 
7ffca0021000-7ffca4000000 ---p 00000000 00:00 0 
7ffca4000000-7ffca4021000 rw-p 00000000 00:00 0 
7ffca4021000-7ffca8000000 ---p 00000000 00:00 0 
7ffca8000000-7ffca86d4000 rw-p 00000000 00:00 0 
7ffca86d4000-7ffcac000000 ---p 00000000 00:00 0 
7ffcac000000-7ffcac021000 rw-p 00000000 00:00 0 
7ffcac021000-7ffcb0000000 ---p 00000000 00:00 0 
7ffcb0000000-7ffcb0021000 rw-p 00000000 00:00 0 
7ffcb0021000-7ffcb4000000 ---p 00000000 00:00 0 
7ffcb4000000-7ffcb4021000 rw-p 00000000 00:00 0 
7ffcb4021000-7ffcb8000000 ---p 00000000 00:00 0 
7ffcb8064000-7ffcb809c000 rw-s 101c3f000 00:05 9627                      /dev/dri/card0
7ffcb809c000-7ffcb8195000 r-xp 00000000 08:08 4591302                    /lib/x86_64-linux-gnu/libglib-2.0.so.0.3600.0
7ffcb8195000-7ffcb8395000 ---p 000f9000 08:08 4591302                    /lib/x86_64-linux-gnu/libglib-2.0.so.0.3600.0
7ffcb8395000-7ffcb8396000 r--p 000f9000 08:08 4591302                    /lib/x86_64-linux-gnu/libglib-2.0.so.0.3600.0
7ffcb8396000-7ffcb8397000 rw-p 000fa000 08:08 4591302                    /lib/x86_64-linux-gnu/libglib-2.0.so.0.3600.0
7ffcb8397000-7ffcb8398000 rw-p 00000000 00:00 0 
7ffcb8398000-7ffcb8399000 r-xp 00000000 08:08 2625130                    /usr/lib/x86_64-linux-gnu/libgthread-2.0.so.0.3600.0
7ffcb8399000-7ffcb8598000 ---p 00001000 08:08 2625130                    /usr/lib/x86_64-linux-gnu/libgthread-2.0.so.0.3600.0
7ffcb8598000-7ffcb8599000 r--p 00000000 08:08 2625130                    /usr/lib/x86_64-linux-gnu/libgthread-2.0.so.0.3600.0
7ffcb8599000-7ffcb859a000 rw-p 00001000 08:08 2625130                    /usr/lib/x86_64-linux-gnu/libgthread-2.0.so.0.3600.0
7ffcb859a000-7ffcb85e7000 r-xp 00000000 08:08 2621842                    /usr/lib/x86_64-linux-gnu/libgobject-2.0.so.0.3600.0
7ffcb85e7000-7ffcb87e7000 ---p 0004d000 08:08 2621842                    /usr/lib/x86_64-linux-gnu/libgobject-2.0.so.0.3600.0
7ffcb87e7000-7ffcb87e8000 r--p 0004d000 08:08 2621842                    /usr/lib/x86_64-linux-gnu/libgobject-2.0.so.0.3600.0
7ffcb87e8000-7ffcb87e9000 rw-p 0004e000 08:08 2621842                    /usr/lib/x86_64-linux-gnu/libgobject-2.0.so.0.3600.0
7ffcb87e9000-7ffcb8820000 r-xp 00000000 08:08 2629123                    /usr/lib/x86_64-linux-gnu/libfontconfig.so.1.6.2
7ffcb8820000-7ffcb8a20000 ---p 00037000 08:08 2629123                    /usr/lib/x86_64-linux-gnu/libfontconfig.so.1.6.2
7ffcb8a20000-7ffcb8a21000 r--p 00037000 08:08 2629123                    /usr/lib/x86_64-linux-gnu/libfontconfig.so.1.6.2
7ffcb8a21000-7ffcb8a22000 rw-p 00038000 08:08 2629123                    /usr/lib/x86_64-linux-gnu/libfontconfig.so.1.6.2
7ffcb8a22000-7ffcb8a23000 rw-p 00000000 00:00 0 
7ffcb8a23000-7ffcb8a6b000 r-xp 00000000 08:08 2629497                    /usr/lib/x86_64-linux-gnu/libpango-1.0.so.0.3200.5
7ffcb8a6b000-7ffcb8c6b000 ---p 00048000 08:08 2629497                    /usr/lib/x86_64-linux-gnu/libpango-1.0.so.0.3200.5
7ffcb8c6b000-7ffcb8c6d000 r--p 00048000 08:08 2629497                    /usr/lib/x86_64-linux-gnu/libpango-1.0.so.0.3200.5
7ffcb8c6d000-7ffcb8c6e000 rw-p 0004a000 08:08 2629497                    /usr/lib/x86_64-linux-gnu/libpango-1.0.so.0.3200.5
7ffcb8c6e000-7ffcb8c8c000 r-xp 00000000 08:08 2629180                    /usr/lib/x86_64-linux-gnu/libgdk_pixbuf-2.0.so.0.2800.0
7ffcb8c8c000-7ffcb8e8c000 ---p 0001e000 08:08 2629180                    /usr/lib/x86_64-linux-gnu/libgdk_pixbuf-2.0.so.0.2800.0
7ffcb8e8c000-7ffcb8e8d000 r--p 0001e000 08:08 2629180                    /usr/lib/x86_64-linux-gnu/libgdk_pixbuf-2.0.so.0.2800.0
7ffcb8e8d000-7ffcb8e8e000 rw-p 0001f000 08:08 2629180                    /usr/lib/x86_64-linux-gnu/libgdk_pixbuf-2.0.so.0.2800.0
7ffcb8e8e000-7ffcb8fe1000 r-xp 00000000 08:08 2625131                    /usr/lib/x86_64-linux-gnu/libgio-2.0.so.0.3600.0
7ffcb8fe1000-7ffcb91e0000 ---p 00153000 08:08 2625131                    /usr/lib/x86_64-linux-gnu/libgio-2.0.so.0.3600.0
7ffcb91e0000-7ffcb91e4000 r--p 00152000 08:08 2625131                    /usr/lib/x86_64-linux-gnu/libgio-2.0.so.0.3600.0
7ffcb91e4000-7ffcb91e6000 rw-p 00156000 08:08 2625131                    /usr/lib/x86_64-linux-gnu/libgio-2.0.so.0.3600.0
7ffcb91e6000-7ffcb91e8000 rw-p 00000000 00:00 0 
7ffcb91e8000-7ffcb9295000 r-xp 00000000 08:08 2629178                    /usr/lib/x86_64-linux-gnu/libgdk-x11-2.0.so.0.2400.17
7ffcb9295000-7ffcb9494000 ---p 000ad000 08:08 2629178                    /usr/lib/x86_64-linux-gnu/libgdk-x11-2.0.so.0.2400.17
7ffcb9494000-7ffcb9498000 r--p 000ac000 08:08 2629178                    /usr/lib/x86_64-linux-gnu/libgdk-x11-2.0.so.0.2400.17
7ffcb9498000-7ffcb949a000 rw-p 000b0000 08:08 2629178                    /usr/lib/x86_64-linux-gnu/libgdk-x11-2.0.so.0.2400.17
7ffcb949a000-7ffcb98c7000 r-xp 00000000 08:08 2629321                    /usr/lib/x86_64-linux-gnu/libgtk-x11-2.0.so.0.2400.17
7ffcb98c7000-7ffcb9ac6000 ---p 0042d000 08:08 2629321                    /usr/lib/x86_64-linux-gnu/libgtk-x11-2.0.so.0.2400.17
7ffcb9ac6000-7ffcb9acd000 r--p 0042c000 08:08 2629321                    /usr/lib/x86_64-linux-gnu/libgtk-x11-2.0.so.0.2400.17
7ffcb9acd000-7ffcb9ad1000 rw-p 00433000 08:08 2629321                    /usr/lib/x86_64-linux-gnu/libgtk-x11-2.0.so.0.2400.17
7ffcb9ad1000-7ffcb9ad3000 rw-p 00000000 00:00 0 
7ffcb9ad3000-7ffcb9ae1000 r-xp 00000000 08:08 2623193                    /usr/lib/x86_64-linux-gnu/libXi.so.6.1.0
7ffcb9ae1000-7ffcb9ce1000 ---p 0000e000 08:08 2623193                    /usr/lib/x86_64-linux-gnu/libXi.so.6.1.0
7ffcb9ce1000-7ffcb9ce2000 r--p 0000e000 08:08 2623193                    /usr/lib/x86_64-linux-gnu/libXi.so.6.1.0
7ffcb9ce2000-7ffcb9ce3000 rw-p 0000f000 08:08 2623193                    /usr/lib/x86_64-linux-gnu/libXi.so.6.1.0
7ffcb9ce3000-7ffcb9ce8000 r-xp 00000000 08:08 2628911                    /usr/lib/x86_64-linux-gnu/libXtst.so.6.1.0
7ffcb9ce8000-7ffcb9ee7000 ---p 00005000 08:08 2628911                    /usr/lib/x86_64-linux-gnu/libXtst.so.6.1.0
7ffcb9ee7000-7ffcb9ee8000 r--p 00004000 08:08 2628911                    /usr/lib/x86_64-linux-gnu/libXtst.so.6.1.0
7ffcb9ee8000-7ffcb9ee9000 rw-p 00005000 08:08 2628911                    /usr/lib/x86_64-linux-gnu/libXtst.so.6.1.0
7ffcb9ee9000-7ffcb9ef2000 r-xp 00000000 08:08 2628891                    /usr/lib/x86_64-linux-gnu/libXrender.so.1.3.0
7ffcb9ef2000-7ffcba0f1000 ---p 00009000 08:08 2628891                    /usr/lib/x86_64-linux-gnu/libXrender.so.1.3.0
7ffcba0f1000-7ffcba0f2000 r--p 00008000 08:08 2628891                    /usr/lib/x86_64-linux-gnu/libXrender.so.1.3.0
7ffcba0f2000-7ffcba0f3000 rw-p 00009000 08:08 2628891                    /usr/lib/x86_64-linux-gnu/libXrender.so.1.3.0
7ffcba0f3000-7ffcba227000 r-xp 00000000 08:08 2623189                    /usr/lib/x86_64-linux-gnu/libX11.so.6.3.0
7ffcba227000-7ffcba427000 ---p 00134000 08:08 2623189                    /usr/lib/x86_64-linux-gnu/libX11.so.6.3.0
7ffcba427000-7ffcba428000 r--p 00134000 08:08 2623189                    /usr/lib/x86_64-linux-gnu/libX11.so.6.3.0
7ffcba428000-7ffcba42d000 rw-p 00135000 08:08 2623189                    /usr/lib/x86_64-linux-gnu/libX11.so.6.3.0
7ffcba42d000-7ffcba43e000 r-xp 00000000 08:08 2623191                    /usr/lib/x86_64-linux-gnu/libXext.so.6.4.0
7ffcba43e000-7ffcba63d000 ---p 00011000 08:08 2623191                    /usr/lib/x86_64-linux-gnu/libXext.so.6.4.0
7ffcba63d000-7ffcba63e000 r--p 00010000 08:08 2623191                    /usr/lib/x86_64-linux-gnu/libXext.so.6.4.0
7ffcba63e000-7ffcba63f000 rw-p 00011000 08:08 2623191                    /usr/lib/x86_64-linux-gnu/libXext.so.6.4.0
7ffcba63f000-7ffcba692000 r-xp 00000000 08:08 3149695                    /usr/lib/jvm/java-7-openjdk-amd64/jre/lib/amd64/xawt/libmawt.so
7ffcba692000-7ffcba891000 ---p 00053000 08:08 3149695                    /usr/lib/jvm/java-7-openjdk-amd64/jre/lib/amd64/xawt/libmawt.so
7ffcba891000-7ffcba892000 r--p 00052000 08:08 3149695                    /usr/lib/jvm/java-7-openjdk-amd64/jre/lib/amd64/xawt/libmawt.so
7ffcba892000-7ffcba895000 rw-p 00053000 08:08 3149695                    /usr/lib/jvm/java-7-openjdk-amd64/jre/lib/amd64/xawt/libmawt.so
7ffcba895000-7ffcba896000 rw-p 00000000 00:00 0 
7ffcba896000-7ffcba937000 r-xp 00000000 08:08 3149752                    /usr/lib/jvm/java-7-openjdk-amd64/jre/lib/amd64/libawt.so
7ffcba937000-7ffcbab37000 ---p 000a1000 08:08 3149752                    /usr/lib/jvm/java-7-openjdk-amd64/jre/lib/amd64/libawt.so
7ffcbab37000-7ffcbab38000 r--p 000a1000 08:08 3149752                    /usr/lib/jvm/java-7-openjdk-amd64/jre/lib/amd64/libawt.so
7ffcbab38000-7ffcbab43000 rw-p 000a2000 08:08 3149752                    /usr/lib/jvm/java-7-openjdk-amd64/jre/lib/amd64/libawt.so
7ffcbab43000-7ffcbab68000 rw-p 00000000 00:00 0 
7ffcbab68000-7ffcbabd4000 r-xp 00000000 08:08 262211                     /tmp/libgdxniltonvasques/83c3ff60/libgdx64.so
7ffcbabd4000-7ffcbadd4000 ---p 0006c000 08:08 262211                     /tmp/libgdxniltonvasques/83c3ff60/libgdx64.so
7ffcbadd4000-7ffcbadd6000 r--p 0006c000 08:08 262211                     /tmp/libgdxniltonvasques/83c3ff60/libgdx64.so
7ffcbadd6000-7ffcbadd7000 rw-p 0006e000 08:08 262211                     /tmp/libgdxniltonvasques/83c3ff60/libgdx64.so
7ffcbadd7000-7ffcbadd8000 rw-p 00000000 00:00 0 
7ffcbadd8000-7ffcbadd9000 ---p 00000000 00:00 0 
7ffcbadd9000-7ffcbaed9000 rw-p 00000000 00:00 0                          [stack:798]
7ffcbaed9000-7ffcbaedc000 ---p 00000000 00:00 0 
7ffcbaedc000-7ffcbafda000 rw-p 00000000 00:00 0                          [stack:797]
7ffcbafda000-7ffcbafdd000 ---p 00000000 00:00 0 
7ffcbafdd000-7ffcbb0db000 rw-p 00000000 00:00 0                          [stack:796]
7ffcbb0db000-7ffcbb0de000 ---p 00000000 00:00 0 
7ffcbb0de000-7ffcbb1dc000 rw-p 00000000 00:00 0                          [stack:795]
7ffcbb1dc000-7ffcbb1df000 ---p 00000000 00:00 0 
7ffcbb1df000-7ffcbb2dd000 rw-p 00000000 00:00 0                          [stack:794]
7ffcbb2dd000-7ffcbb9fa000 r--p 00000000 08:08 2627959                    /usr/lib/locale/locale-archive
7ffcbb9fa000-7ffcbb9fd000 ---p 00000000 00:00 0 
7ffcbb9fd000-7ffcbbafb000 rw-p 00000000 00:00 0                          [stack:793]
7ffcbbafb000-7ffcbbafe000 ---p 00000000 00:00 0 
7ffcbbafe000-7ffcbbbfc000 rw-p 00000000 00:00 0                          [stack:792]
7ffcbbbfc000-7ffcbbbfd000 ---p 00000000 00:00 0 
7ffcbbbfd000-7ffcbc000000 rw-p 00000000 00:00 0                          [stack:791]
7ffcbc000000-7ffcbc021000 rw-p 00000000 00:00 0 
7ffcbc021000-7ffcc0000000 ---p 00000000 00:00 0 
7ffcc0009000-7ffcc0041000 rw-s 101c07000 00:05 9627                      /dev/dri/card0
7ffcc0041000-7ffcc0049000 rw-s 00000000 00:04 311815                     /drm mm object (deleted)
7ffcc0049000-7ffcc0051000 rw-s 00000000 00:04 311814                     /drm mm object (deleted)
7ffcc0051000-7ffcc0059000 rw-s 00000000 00:04 311807                     /drm mm object (deleted)
7ffcc0059000-7ffcc005c000 ---p 00000000 00:00 0 
7ffcc005c000-7ffcc0081000 rw-p 00000000 00:00 0                          [stack:806]
7ffcc0081000-7ffcc0088000 r--s 00000000 08:08 2891161                    /usr/lib/x86_64-linux-gnu/gconv/gconv-modules.cache
7ffcc0088000-7ffcc0091000 r--s 000bc000 08:08 2773103                    /usr/lib/jvm/java-7-openjdk-common/jre/lib/resources.jar
7ffcc0091000-7ffcc4000000 rw-p 00000000 00:00 0 
7ffcc4000000-7ffcc4021000 rw-p 00000000 00:00 0 
7ffcc4021000-7ffcc8000000 ---p 00000000 00:00 0 
7ffcc8000000-7ffcc8021000 rw-p 00000000 00:00 0 
7ffcc8021000-7ffccc000000 ---p 00000000 00:00 0 
7ffccc000000-7ffccc021000 rw-p 00000000 00:00 0 
7ffccc021000-7ffcd0000000 ---p 00000000 00:00 0 
7ffcd0005000-7ffcd0092000 rw-p 00000000 00:00 0 
7ffcd0092000-7ffcd023f000 r--s 01cec000 08:08 3149729                    /usr/lib/jvm/java-7-openjdk-amd64/jre/lib/rt.jar
7ffcd023f000-7ffcd0eff000 rw-p 00000000 00:00 0 
7ffcd0eff000-7ffcd0f00000 ---p 00000000 00:00 0 
7ffcd0f00000-7ffcd1000000 rw-p 00000000 00:00 0                          [stack:790]
7ffcd1000000-7ffcd1270000 rwxp 00000000 00:00 0 
7ffcd1270000-7ffcd43dd000 rw-p 00000000 00:00 0 
7ffcd43dd000-7ffcd8000000 ---p 00000000 00:00 0 
7ffcd8001000-7ffcd8017000 r--s 00145000 08:08 2369488                    /home/niltonvasques/Development/GameDev/Workspace/fosfrinho-repository/FosfrinhoComponentsGame/libs/gdx.jar
7ffcd8017000-7ffcd8060000 rw-p 00000000 00:00 0 
7ffcd8060000-7ffcd8061000 ---p 00000000 00:00 0 
7ffcd8061000-7ffcd8161000 rw-p 00000000 00:00 0                          [stack:789]
7ffcd8161000-7ffcd8162000 ---p 00000000 00:00 0 
7ffcd8162000-7ffcd8262000 rw-p 00000000 00:00 0                          [stack:788]
7ffcd8262000-7ffcd8263000 ---p 00000000 00:00 0 
7ffcd8263000-7ffcd836e000 rw-p 00000000 00:00 0                          [stack:787]
7ffcd836e000-7ffcd83b6000 rw-p 00000000 00:00 0 
7ffcd83b6000-7ffcd83d5000 rw-p 00000000 00:00 0 
7ffcd83d5000-7ffcd859f000 rw-p 00000000 00:00 0 
7ffcd859f000-7ffcd85aa000 rw-p 00000000 00:00 0 
7ffcd85aa000-7ffcd85f2000 rw-p 00000000 00:00 0 
7ffcd85f2000-7ffcd8611000 rw-p 00000000 00:00 0 
7ffcd8611000-7ffcd87da000 rw-p 00000000 00:00 0 
7ffcd87da000-7ffcd87ea000 rw-p 00000000 00:00 0 
7ffcd87ea000-7ffcd88cf000 rw-p 00000000 00:00 0 
7ffcd88cf000-7ffcd88d0000 rw-p 00000000 00:00 0 
7ffcd88d0000-7ffcd88d8000 r-xp 00000000 08:08 3149766                    /usr/lib/jvm/java-7-openjdk-amd64/jre/lib/amd64/libzip.so
7ffcd88d8000-7ffcd8ad7000 ---p 00008000 08:08 3149766                    /usr/lib/jvm/java-7-openjdk-amd64/jre/lib/amd64/libzip.so
7ffcd8ad7000-7ffcd8ad8000 r--p 00007000 08:08 3149766                    /usr/lib/jvm/java-7-openjdk-amd64/jre/lib/amd64/libzip.so
7ffcd8ad8000-7ffcd8ad9000 rw-p 00008000 08:08 3149766                    /usr/lib/jvm/java-7-openjdk-amd64/jre/lib/amd64/libzip.so
7ffcd8ad9000-7ffcd8ae5000 r-xp 00000000 08:08 4607207                    /lib/x86_64-linux-gnu/libnss_files-2.17.so
7ffcd8ae5000-7ffcd8ce4000 ---p 0000c000 08:08 4607207                    /lib/x86_64-linux-gnu/libnss_files-2.17.so
7ffcd8ce4000-7ffcd8ce5000 r--p 0000b000 08:08 4607207                    /lib/x86_64-linux-gnu/libnss_files-2.17.so
7ffcd8ce5000-7ffcd8ce6000 rw-p 0000c000 08:08 4607207                    /lib/x86_64-linux-gnu/libnss_files-2.17.so
7ffcd8ce6000-7ffcd8cf1000 r-xp 00000000 08:08 4607214                    /lib/x86_64-linux-gnu/libnss_nis-2.17.so
7ffcd8cf1000-7ffcd8ef0000 ---p 0000b000 08:08 4607214                    /lib/x86_64-linux-gnu/libnss_nis-2.17.so
7ffcd8ef0000-7ffcd8ef1000 r--p 0000a000 08:08 4607214                    /lib/x86_64-linux-gnu/libnss_nis-2.17.so
7ffcd8ef1000-7ffcd8ef2000 rw-p 0000b000 08:08 4607214                    /lib/x86_64-linux-gnu/libnss_nis-2.17.so
7ffcd8ef2000-7ffcd8f09000 r-xp 00000000 08:08 4607203                    /lib/x86_64-linux-gnu/libnsl-2.17.so
7ffcd8f09000-7ffcd9108000 ---p 00017000 08:08 4607203                    /lib/x86_64-linux-gnu/libnsl-2.17.so
7ffcd9108000-7ffcd9109000 r--p 00016000 08:08 4607203                    /lib/x86_64-linux-gnu/libnsl-2.17.so
7ffcd9109000-7ffcd910a000 rw-p 00017000 08:08 4607203                    /lib/x86_64-linux-gnu/libnsl-2.17.so
7ffcd910a000-7ffcd910c000 rw-p 00000000 00:00 0 
7ffcd910c000-7ffcd9114000 r-xp 00000000 08:08 4607216                    /lib/x86_64-linux-gnu/libnss_compat-2.17.so
7ffcd9114000-7ffcd9313000 ---p 00008000 08:08 4607216                    /lib/x86_64-linux-gnu/libnss_compat-2.17.so
7ffcd9313000-7ffcd9314000 r--p 00007000 08:08 4607216                    /lib/x86_64-linux-gnu/libnss_compat-2.17.so
7ffcd9314000-7ffcd9315000 rw-p 00008000 08:08 4607216                    /lib/x86_64-linux-gnu/libnss_compat-2.17.so
7ffcd9315000-7ffcd9340000 r-xp 00000000 08:08 3149751                    /usr/lib/jvm/java-7-openjdk-amd64/jre/lib/amd64/libjava.so
7ffcd9340000-7ffcd953f000 ---p 0002b000 08:08 3149751                    /usr/lib/jvm/java-7-openjdk-amd64/jre/lib/amd64/libjava.so
7ffcd953f000-7ffcd9540000 r--p 0002a000 08:08 3149751                    /usr/lib/jvm/java-7-openjdk-amd64/jre/lib/amd64/libjava.so
7ffcd9540000-7ffcd9542000 rw-p 0002b000 08:08 3149751                    /usr/lib/jvm/java-7-openjdk-amd64/jre/lib/amd64/libjava.so
7ffcd9542000-7ffcd9551000 r-xp 00000000 08:08 3149750                    /usr/lib/jvm/java-7-openjdk-amd64/jre/lib/amd64/libverify.so
7ffcd9551000-7ffcd9750000 ---p 0000f000 08:08 3149750                    /usr/lib/jvm/java-7-openjdk-amd64/jre/lib/amd64/libverify.so
7ffcd9750000-7ffcd9752000 r--p 0000e000 08:08 3149750                    /usr/lib/jvm/java-7-openjdk-amd64/jre/lib/amd64/libverify.so
7ffcd9752000-7ffcd9753000 rw-p 00010000 08:08 3149750                    /usr/lib/jvm/java-7-openjdk-amd64/jre/lib/amd64/libverify.so
7ffcd9753000-7ffcd975a000 r-xp 00000000 08:08 4607210                    /lib/x86_64-linux-gnu/librt-2.17.so
7ffcd975a000-7ffcd9959000 ---p 00007000 08:08 4607210                    /lib/x86_64-linux-gnu/librt-2.17.so
7ffcd9959000-7ffcd995a000 r--p 00006000 08:08 4607210                    /lib/x86_64-linux-gnu/librt-2.17.so
7ffcd995a000-7ffcd995b000 rw-p 00007000 08:08 4607210                    /lib/x86_64-linux-gnu/librt-2.17.so
7ffcd995b000-7ffcd996f000 r-xp 00000000 08:08 4588351                    /lib/x86_64-linux-gnu/libgcc_s.so.1
7ffcd996f000-7ffcd9b6f000 ---p 00014000 08:08 4588351                    /lib/x86_64-linux-gnu/libgcc_s.so.1
7ffcd9b6f000-7ffcd9b70000 r--p 00014000 08:08 4588351                    /lib/x86_64-linux-gnu/libgcc_s.so.1
7ffcd9b70000-7ffcd9b71000 rw-p 00015000 08:08 4588351                    /lib/x86_64-linux-gnu/libgcc_s.so.1
7ffcd9b71000-7ffcd9c74000 r-xp 00000000 08:08 4607215                    /lib/x86_64-linux-gnu/libm-2.17.so
7ffcd9c74000-7ffcd9e74000 ---p 00103000 08:08 4607215                    /lib/x86_64-linux-gnu/libm-2.17.so
7ffcd9e74000-7ffcd9e75000 r--p 00103000 08:08 4607215                    /lib/x86_64-linux-gnu/libm-2.17.so
7ffcd9e75000-7ffcd9e76000 rw-p 00104000 08:08 4607215                    /lib/x86_64-linux-gnu/libm-2.17.so
7ffcd9e76000-7ffcd9f5b000 r-xp 00000000 08:08 2649170                    /usr/lib/x86_64-linux-gnu/libstdc++.so.6.0.17
7ffcd9f5b000-7ffcda15a000 ---p 000e5000 08:08 2649170                    /usr/lib/x86_64-linux-gnu/libstdc++.so.6.0.17
7ffcda15a000-7ffcda162000 r--p 000e4000 08:08 2649170                    /usr/lib/x86_64-linux-gnu/libstdc++.so.6.0.17
7ffcda162000-7ffcda164000 rw-p 000ec000 08:08 2649170                    /usr/lib/x86_64-linux-gnu/libstdc++.so.6.0.17
7ffcda164000-7ffcda179000 rw-p 00000000 00:00 0 
7ffcda179000-7ffcdab69000 r-xp 00000000 08:08 3149755                    /usr/lib/jvm/java-7-openjdk-amd64/jre/lib/amd64/server/libjvm.so
7ffcdab69000-7ffcdad68000 ---p 009f0000 08:08 3149755                    /usr/lib/jvm/java-7-openjdk-amd64/jre/lib/amd64/server/libjvm.so
7ffcdad68000-7ffcdade7000 r--p 009ef000 08:08 3149755                    /usr/lib/jvm/java-7-openjdk-amd64/jre/lib/amd64/server/libjvm.so
7ffcdade7000-7ffcdae0a000 rw-p 00a6e000 08:08 3149755                    /usr/lib/jvm/java-7-openjdk-amd64/jre/lib/amd64/server/libjvm.so
7ffcdae0a000-7ffcdae35000 rw-p 00000000 00:00 0 
7ffcdae35000-7ffcdae4b000 r-xp 00000000 08:08 4591423                    /lib/x86_64-linux-gnu/libz.so.1.2.7
7ffcdae4b000-7ffcdb04a000 ---p 00016000 08:08 4591423                    /lib/x86_64-linux-gnu/libz.so.1.2.7
7ffcdb04a000-7ffcdb04b000 r--p 00015000 08:08 4591423                    /lib/x86_64-linux-gnu/libz.so.1.2.7
7ffcdb04b000-7ffcdb04c000 rw-p 00016000 08:08 4591423                    /lib/x86_64-linux-gnu/libz.so.1.2.7
7ffcdb04c000-7ffcdb064000 r-xp 00000000 08:08 4607204                    /lib/x86_64-linux-gnu/libpthread-2.17.so
7ffcdb064000-7ffcdb263000 ---p 00018000 08:08 4607204                    /lib/x86_64-linux-gnu/libpthread-2.17.so
7ffcdb263000-7ffcdb264000 r--p 00017000 08:08 4607204                    /lib/x86_64-linux-gnu/libpthread-2.17.so
7ffcdb264000-7ffcdb265000 rw-p 00018000 08:08 4607204                    /lib/x86_64-linux-gnu/libpthread-2.17.so
7ffcdb265000-7ffcdb269000 rw-p 00000000 00:00 0 
7ffcdb269000-7ffcdb26c000 r-xp 00000000 08:08 4607206                    /lib/x86_64-linux-gnu/libdl-2.17.so
7ffcdb26c000-7ffcdb46b000 ---p 00003000 08:08 4607206                    /lib/x86_64-linux-gnu/libdl-2.17.so
7ffcdb46b000-7ffcdb46c000 r--p 00002000 08:08 4607206                    /lib/x86_64-linux-gnu/libdl-2.17.so
7ffcdb46c000-7ffcdb46d000 rw-p 00003000 08:08 4607206                    /lib/x86_64-linux-gnu/libdl-2.17.so
7ffcdb46d000-7ffcdb62c000 r-xp 00000000 08:08 4607218                    /lib/x86_64-linux-gnu/libc-2.17.so
7ffcdb62c000-7ffcdb82b000 ---p 001bf000 08:08 4607218                    /lib/x86_64-linux-gnu/libc-2.17.so
7ffcdb82b000-7ffcdb82f000 r--p 001be000 08:08 4607218                    /lib/x86_64-linux-gnu/libc-2.17.so
7ffcdb82f000-7ffcdb831000 rw-p 001c2000 08:08 4607218                    /lib/x86_64-linux-gnu/libc-2.17.so
7ffcdb831000-7ffcdb836000 rw-p 00000000 00:00 0 
7ffcdb836000-7ffcdb843000 r-xp 00000000 08:08 3149734                    /usr/lib/jvm/java-7-openjdk-amd64/jre/lib/amd64/jli/libjli.so
7ffcdb843000-7ffcdba42000 ---p 0000d000 08:08 3149734                    /usr/lib/jvm/java-7-openjdk-amd64/jre/lib/amd64/jli/libjli.so
7ffcdba42000-7ffcdba43000 r--p 0000c000 08:08 3149734                    /usr/lib/jvm/java-7-openjdk-amd64/jre/lib/amd64/jli/libjli.so
7ffcdba43000-7ffcdba44000 rw-p 0000d000 08:08 3149734                    /usr/lib/jvm/java-7-openjdk-amd64/jre/lib/amd64/jli/libjli.so
7ffcdba44000-7ffcdba67000 r-xp 00000000 08:08 4591381                    /lib/x86_64-linux-gnu/ld-2.17.so
7ffcdba68000-7ffcdba79000 r--s 00127000 08:08 2369505                    /home/niltonvasques/Development/GameDev/Workspace/fosfrinho-repository/FosfrinhoComponentsGame-desktop/libs/gdx-backend-lwjgl.jar
7ffcdba79000-7ffcdba83000 rw-p 00000000 00:00 0 
7ffcdba83000-7ffcdbb39000 rw-p 00000000 00:00 0 
7ffcdbb39000-7ffcdbb3c000 ---p 00000000 00:00 0 
7ffcdbb3c000-7ffcdbc3f000 rw-p 00000000 00:00 0                          [stack:786]
7ffcdbc3f000-7ffcdbc40000 rw-s 00000000 00:04 313678                     /drm mm object (deleted)
7ffcdbc41000-7ffcdbc43000 rw-s 101c77000 00:05 9627                      /dev/dri/card0
7ffcdbc43000-7ffcdbc44000 rw-s 00000000 00:04 307082                     /drm mm object (deleted)
7ffcdbc44000-7ffcdbc45000 rwxp 00000000 00:00 0 
7ffcdbc45000-7ffcdbc46000 r--s 00123000 08:08 2369503                    /home/niltonvasques/Development/GameDev/Workspace/fosfrinho-repository/FosfrinhoComponentsGame-desktop/libs/gdx-natives.jar
7ffcdbc46000-7ffcdbc48000 r--s 0019e000 08:08 2369506                    /home/niltonvasques/Development/GameDev/Workspace/fosfrinho-repository/FosfrinhoComponentsGame-desktop/libs/gdx-backend-lwjgl-natives.jar
7ffcdbc48000-7ffcdbc4c000 r--s 00085000 08:08 2773105                    /usr/lib/jvm/java-7-openjdk-common/jre/lib/ext/localedata.jar
7ffcdbc4c000-7ffcdbc4f000 r--s 0000f000 08:08 2773107                    /usr/lib/jvm/java-7-openjdk-common/jre/lib/ext/pulse-java.jar
7ffcdbc4f000-7ffcdbc50000 r--s 00002000 08:08 2773108                    /usr/lib/jvm/java-7-openjdk-common/jre/lib/ext/dnsns.jar
7ffcdbc50000-7ffcdbc52000 r--s 00012000 08:08 2773109                    /usr/lib/jvm/java-7-openjdk-common/jre/lib/ext/zipfs.jar
7ffcdbc52000-7ffcdbc55000 r--s 00032000 08:08 2773106                    /usr/lib/jvm/java-7-openjdk-common/jre/lib/ext/sunjce_provider.jar
7ffcdbc55000-7ffcdbc58000 r--s 0003c000 08:08 2773104                    /usr/lib/jvm/java-7-openjdk-common/jre/lib/ext/sunpkcs11.jar
7ffcdbc58000-7ffcdbc5a000 r--s 00006000 08:08 3028056                    /usr/share/java/java-atk-wrapper.jar
7ffcdbc5a000-7ffcdbc62000 rw-s 00000000 08:08 262166                     /tmp/hsperfdata_niltonvasques/780
7ffcdbc62000-7ffcdbc63000 rw-p 00000000 00:00 0 
7ffcdbc63000-7ffcdbc64000 r--p 00000000 00:00 0 
7ffcdbc64000-7ffcdbc66000 rw-p 00000000 00:00 0 
7ffcdbc66000-7ffcdbc67000 r--p 00022000 08:08 4591381                    /lib/x86_64-linux-gnu/ld-2.17.so
7ffcdbc67000-7ffcdbc69000 rw-p 00023000 08:08 4591381                    /lib/x86_64-linux-gnu/ld-2.17.so
7fff5068c000-7fff506ae000 rw-p 00000000 00:00 0                          [stack]
7fff506c7000-7fff506c9000 r-xp 00000000 00:00 0                          [vdso]
ffffffffff600000-ffffffffff601000 r-xp 00000000 00:00 0                  [vsyscall]

VM Arguments:
jvm_args: -Dfile.encoding=UTF-8 
java_command: com.niltonvasques.fosfrinho.Main
Launcher Type: SUN_STANDARD

Environment Variables:
PATH=/usr/lib/lightdm/lightdm:/usr/local/sbin:/usr/local/bin:/usr/sbin:/usr/bin:/sbin:/bin:/usr/games:/usr/local/games:/usr/local/cross/bin/:/home/niltonvasques/Development/adt-bundle-linux-x86_64/eclipse:/home/niltonvasques/Development/adt-bundle-linux-x86_64/sdk/platform-tools:/home/niltonvasques/Development/android-studio/bin/:/home/niltonvasques/.rvm/bin
SHELL=/bin/bash
DISPLAY=:0.0

Signal Handlers:
SIGSEGV: [libjvm.so+0x84f410], sa_mask[0]=0x7ffbfeff, sa_flags=0x10000004
SIGBUS: [libjvm.so+0x84f410], sa_mask[0]=0x7ffbfeff, sa_flags=0x10000004
SIGFPE: [libjvm.so+0x6f19a0], sa_mask[0]=0x7ffbfeff, sa_flags=0x10000004
SIGPIPE: [libjvm.so+0x6f19a0], sa_mask[0]=0x7ffbfeff, sa_flags=0x10000004
SIGXFSZ: [libjvm.so+0x6f19a0], sa_mask[0]=0x7ffbfeff, sa_flags=0x10000004
SIGILL: [libjvm.so+0x6f19a0], sa_mask[0]=0x7ffbfeff, sa_flags=0x10000004
SIGUSR1: SIG_DFL, sa_mask[0]=0x00000000, sa_flags=0x00000000
SIGUSR2: [libjvm.so+0x6f1d70], sa_mask[0]=0x00000004, sa_flags=0x10000004
SIGHUP: [libjvm.so+0x6f1eb0], sa_mask[0]=0x7ffbfeff, sa_flags=0x10000004
SIGINT: [libjvm.so+0x6f1eb0], sa_mask[0]=0x7ffbfeff, sa_flags=0x10000004
SIGTERM: [libjvm.so+0x6f1eb0], sa_mask[0]=0x7ffbfeff, sa_flags=0x10000004
SIGQUIT: [libjvm.so+0x6f1eb0], sa_mask[0]=0x7ffbfeff, sa_flags=0x10000004


---------------  S Y S T E M  ---------------

OS:Ubuntu 13.04 (raring)
uname:Linux 3.10.0-031000-generic #201306301935 SMP Sun Jun 30 23:36:16 UTC 2013 x86_64
libc:glibc 2.17 NPTL 2.17 
rlimit: STACK 8192k, CORE 0k, NPROC 46758, NOFILE 4096, AS infinity
load average:0,30 0,31 0,32

/proc/meminfo:
MemTotal:        6003808 kB
MemFree:          133908 kB
Buffers:          493380 kB
Cached:          2531320 kB
SwapCached:            0 kB
Active:          3379368 kB
Inactive:        2041912 kB
Active(anon):    2279264 kB
Inactive(anon):   881716 kB
Active(file):    1100104 kB
Inactive(file):  1160196 kB
Unevictable:          68 kB
Mlocked:              68 kB
SwapTotal:        835344 kB
SwapFree:         834808 kB
Dirty:               256 kB
Writeback:             0 kB
AnonPages:       2396740 kB
Mapped:           490144 kB
Shmem:            764364 kB
Slab:             329184 kB
SReclaimable:     292988 kB
SUnreclaim:        36196 kB
KernelStack:        5376 kB
PageTables:        42656 kB
NFS_Unstable:          0 kB
Bounce:                0 kB
WritebackTmp:          0 kB
CommitLimit:     3837248 kB
Committed_AS:    7078680 kB
VmallocTotal:   34359738367 kB
VmallocUsed:      359068 kB
VmallocChunk:   34359376808 kB
HardwareCorrupted:     0 kB
AnonHugePages:         0 kB
HugePages_Total:       0
HugePages_Free:        0
HugePages_Rsvd:        0
HugePages_Surp:        0
Hugepagesize:       2048 kB
DirectMap4k:       78396 kB
DirectMap2M:     6105088 kB


CPU:total 4 (2 cores per cpu, 2 threads per core) family 6 model 42 stepping 7, cmov, cx8, fxsr, mmx, sse, sse2, sse3, ssse3, sse4.1, sse4.2, popcnt, avx, ht, tsc, tscinvbit

/proc/cpuinfo:
processor	: 0
vendor_id	: GenuineIntel
cpu family	: 6
model		: 42
model name	: Intel(R) Core(TM) i5-2430M CPU @ 2.40GHz
stepping	: 7
microcode	: 0x23
cpu MHz		: 2328.000
cache size	: 3072 KB
physical id	: 0
siblings	: 4
core id		: 0
cpu cores	: 2
apicid		: 0
initial apicid	: 0
fpu		: yes
fpu_exception	: yes
cpuid level	: 13
wp		: yes
flags		: fpu vme de pse tsc msr pae mce cx8 apic sep mtrr pge mca cmov pat pse36 clflush dts acpi mmx fxsr sse sse2 ss ht tm pbe syscall nx rdtscp lm constant_tsc arch_perfmon pebs bts nopl xtopology nonstop_tsc aperfmperf eagerfpu pni pclmulqdq dtes64 monitor ds_cpl vmx est tm2 ssse3 cx16 xtpr pdcm pcid sse4_1 sse4_2 x2apic popcnt tsc_deadline_timer aes xsave avx lahf_lm ida arat epb xsaveopt pln pts dtherm tpr_shadow vnmi flexpriority ept vpid
bogomips	: 4788.78
clflush size	: 64
cache_alignment	: 64
address sizes	: 36 bits physical, 48 bits virtual
power management:

processor	: 1
vendor_id	: GenuineIntel
cpu family	: 6
model		: 42
model name	: Intel(R) Core(TM) i5-2430M CPU @ 2.40GHz
stepping	: 7
microcode	: 0x23
cpu MHz		: 2328.000
cache size	: 3072 KB
physical id	: 0
siblings	: 4
core id		: 0
cpu cores	: 2
apicid		: 1
initial apicid	: 1
fpu		: yes
fpu_exception	: yes
cpuid level	: 13
wp		: yes
flags		: fpu vme de pse tsc msr pae mce cx8 apic sep mtrr pge mca cmov pat pse36 clflush dts acpi mmx fxsr sse sse2 ss ht tm pbe syscall nx rdtscp lm constant_tsc arch_perfmon pebs bts nopl xtopology nonstop_tsc aperfmperf eagerfpu pni pclmulqdq dtes64 monitor ds_cpl vmx est tm2 ssse3 cx16 xtpr pdcm pcid sse4_1 sse4_2 x2apic popcnt tsc_deadline_timer aes xsave avx lahf_lm ida arat epb xsaveopt pln pts dtherm tpr_shadow vnmi flexpriority ept vpid
bogomips	: 4788.78
clflush size	: 64
cache_alignment	: 64
address sizes	: 36 bits physical, 48 bits virtual
power management:

processor	: 2
vendor_id	: GenuineIntel
cpu family	: 6
model		: 42
model name	: Intel(R) Core(TM) i5-2430M CPU @ 2.40GHz
stepping	: 7
microcode	: 0x23
cpu MHz		: 2784.000
cache size	: 3072 KB
physical id	: 0
siblings	: 4
core id		: 1
cpu cores	: 2
apicid		: 2
initial apicid	: 2
fpu		: yes
fpu_exception	: yes
cpuid level	: 13
wp		: yes
flags		: fpu vme de pse tsc msr pae mce cx8 apic sep mtrr pge mca cmov pat pse36 clflush dts acpi mmx fxsr sse sse2 ss ht tm pbe syscall nx rdtscp lm constant_tsc arch_perfmon pebs bts nopl xtopology nonstop_tsc aperfmperf eagerfpu pni pclmulqdq dtes64 monitor ds_cpl vmx est tm2 ssse3 cx16 xtpr pdcm pcid sse4_1 sse4_2 x2apic popcnt tsc_deadline_timer aes xsave avx lahf_lm ida arat epb xsaveopt pln pts dtherm tpr_shadow vnmi flexpriority ept vpid
bogomips	: 4788.78
clflush size	: 64
cache_alignment	: 64
address sizes	: 36 bits physical, 48 bits virtual
power management:

processor	: 3
vendor_id	: GenuineIntel
cpu family	: 6
model		: 42
model name	: Intel(R) Core(TM) i5-2430M CPU @ 2.40GHz
stepping	: 7
microcode	: 0x23
cpu MHz		: 2904.000
cache size	: 3072 KB
physical id	: 0
siblings	: 4
core id		: 1
cpu cores	: 2
apicid		: 3
initial apicid	: 3
fpu		: yes
fpu_exception	: yes
cpuid level	: 13
wp		: yes
flags		: fpu vme de pse tsc msr pae mce cx8 apic sep mtrr pge mca cmov pat pse36 clflush dts acpi mmx fxsr sse sse2 ss ht tm pbe syscall nx rdtscp lm constant_tsc arch_perfmon pebs bts nopl xtopology nonstop_tsc aperfmperf eagerfpu pni pclmulqdq dtes64 monitor ds_cpl vmx est tm2 ssse3 cx16 xtpr pdcm pcid sse4_1 sse4_2 x2apic popcnt tsc_deadline_timer aes xsave avx lahf_lm ida arat epb xsaveopt pln pts dtherm tpr_shadow vnmi flexpriority ept vpid
bogomips	: 4788.78
clflush size	: 64
cache_alignment	: 64
address sizes	: 36 bits physical, 48 bits virtual
power management:



Memory: 4k page, physical 6003808k(133908k free), swap 835344k(834808k free)

vm_info: OpenJDK 64-Bit Server VM (23.7-b01) for linux-amd64 JRE (1.7.0_25-b30), built on Jul  3 2013 13:50:39 by "buildd" with gcc 4.7.3

time: Wed Jan 15 01:15:19 2014
elapsed time: 13 seconds

